[0.580s] DEBUG:colcon:Command line arguments: ['/usr/bin/colcon', 'build']
[0.581s] DEBUG:colcon:Parsed command line arguments: Namespace(log_base=None, log_level=None, verb_name='build', build_base='build', install_base='install', merge_install=False, symlink_install=False, test_result_base=None, continue_on_error=False, executor='parallel', parallel_workers=8, event_handlers=None, ignore_user_meta=False, metas=['./colcon.meta'], base_paths=['.'], packages_ignore=None, packages_ignore_regex=None, paths=None, packages_up_to=None, packages_up_to_regex=None, packages_above=None, packages_above_and_dependencies=None, packages_above_depth=None, packages_select_by_dep=None, packages_skip_by_dep=None, packages_skip_up_to=None, packages_select_build_failed=False, packages_skip_build_finished=False, packages_select_test_failures=False, packages_skip_test_passed=False, packages_select=None, packages_skip=None, packages_select_regex=None, packages_skip_regex=None, packages_start=None, packages_end=None, allow_overriding=[], cmake_args=None, cmake_target=None, cmake_target_skip_unavailable=False, cmake_clean_cache=False, cmake_clean_first=False, cmake_force_configure=False, ament_cmake_args=None, catkin_cmake_args=None, catkin_skip_building_tests=False, mixin_files=None, mixin=None, verb_parser=<colcon_mixin.mixin.mixin_argument.MixinArgumentDecorator object at 0x7f4ac6126170>, verb_extension=<colcon_core.verb.build.BuildVerb object at 0x7f4ac62a68c0>, main=<bound method BuildVerb.main of <colcon_core.verb.build.BuildVerb object at 0x7f4ac62a68c0>>, mixin_verb=('build',))
[1.059s] Level 1:colcon.colcon_core.package_discovery:discover_packages(colcon_meta) check parameters
[1.060s] Level 1:colcon.colcon_core.package_discovery:discover_packages(recursive) check parameters
[1.060s] Level 1:colcon.colcon_core.package_discovery:discover_packages(ignore) check parameters
[1.061s] Level 1:colcon.colcon_core.package_discovery:discover_packages(path) check parameters
[1.061s] Level 1:colcon.colcon_core.package_discovery:discover_packages(colcon_meta) discover
[1.061s] Level 1:colcon.colcon_core.package_discovery:discover_packages(recursive) discover
[1.062s] INFO:colcon.colcon_core.package_discovery:Crawling recursively for packages in '/mnt/c/Users/ljhay/f24_robotics_2'
[1.064s] Level 1:colcon.colcon_core.package_identification:_identify(.) by extensions ['ignore', 'ignore_ament_install']
[1.065s] Level 1:colcon.colcon_core.package_identification:_identify(.) by extension 'ignore'
[1.065s] Level 1:colcon.colcon_core.package_identification:_identify(.) by extension 'ignore_ament_install'
[1.067s] Level 1:colcon.colcon_core.package_identification:_identify(.) by extensions ['colcon_pkg']
[1.067s] Level 1:colcon.colcon_core.package_identification:_identify(.) by extension 'colcon_pkg'
[1.068s] Level 1:colcon.colcon_core.package_identification:_identify(.) by extensions ['colcon_meta']
[1.068s] Level 1:colcon.colcon_core.package_identification:_identify(.) by extension 'colcon_meta'
[1.069s] Level 1:colcon.colcon_core.package_identification:_identify(.) by extensions ['ros']
[1.069s] Level 1:colcon.colcon_core.package_identification:_identify(.) by extension 'ros'
[1.096s] Level 1:colcon.colcon_core.package_identification:_identify(.) by extensions ['cmake', 'python']
[1.097s] Level 1:colcon.colcon_core.package_identification:_identify(.) by extension 'cmake'
[1.097s] Level 1:colcon.colcon_core.package_identification:_identify(.) by extension 'python'
[1.098s] Level 1:colcon.colcon_core.package_identification:_identify(.) by extensions ['python_setup_py']
[1.098s] Level 1:colcon.colcon_core.package_identification:_identify(.) by extension 'python_setup_py'
[1.103s] Level 1:colcon.colcon_core.package_identification:_identify(Resources) by extensions ['ignore', 'ignore_ament_install']
[1.103s] Level 1:colcon.colcon_core.package_identification:_identify(Resources) by extension 'ignore'
[1.105s] Level 1:colcon.colcon_core.package_identification:_identify(Resources) by extension 'ignore_ament_install'
[1.107s] Level 1:colcon.colcon_core.package_identification:_identify(Resources) by extensions ['colcon_pkg']
[1.108s] Level 1:colcon.colcon_core.package_identification:_identify(Resources) by extension 'colcon_pkg'
[1.110s] Level 1:colcon.colcon_core.package_identification:_identify(Resources) by extensions ['colcon_meta']
[1.110s] Level 1:colcon.colcon_core.package_identification:_identify(Resources) by extension 'colcon_meta'
[1.112s] Level 1:colcon.colcon_core.package_identification:_identify(Resources) by extensions ['ros']
[1.113s] Level 1:colcon.colcon_core.package_identification:_identify(Resources) by extension 'ros'
[1.120s] Level 1:colcon.colcon_core.package_identification:_identify(Resources) by extensions ['cmake', 'python']
[1.121s] Level 1:colcon.colcon_core.package_identification:_identify(Resources) by extension 'cmake'
[1.122s] Level 1:colcon.colcon_core.package_identification:_identify(Resources) by extension 'python'
[1.124s] Level 1:colcon.colcon_core.package_identification:_identify(Resources) by extensions ['python_setup_py']
[1.124s] Level 1:colcon.colcon_core.package_identification:_identify(Resources) by extension 'python_setup_py'
[1.129s] Level 1:colcon.colcon_core.package_identification:_identify(build) by extensions ['ignore', 'ignore_ament_install']
[1.130s] Level 1:colcon.colcon_core.package_identification:_identify(build) by extension 'ignore'
[1.132s] Level 1:colcon.colcon_core.package_identification:_identify(build) ignored
[1.137s] Level 1:colcon.colcon_core.package_identification:_identify(install) by extensions ['ignore', 'ignore_ament_install']
[1.138s] Level 1:colcon.colcon_core.package_identification:_identify(install) by extension 'ignore'
[1.141s] Level 1:colcon.colcon_core.package_identification:_identify(install) ignored
[1.149s] Level 1:colcon.colcon_core.package_identification:_identify(log) by extensions ['ignore', 'ignore_ament_install']
[1.150s] Level 1:colcon.colcon_core.package_identification:_identify(log) by extension 'ignore'
[1.151s] Level 1:colcon.colcon_core.package_identification:_identify(log) ignored
[1.155s] Level 1:colcon.colcon_core.package_identification:_identify(webots_ros2_homework1_python) by extensions ['ignore', 'ignore_ament_install']
[1.156s] Level 1:colcon.colcon_core.package_identification:_identify(webots_ros2_homework1_python) by extension 'ignore'
[1.157s] Level 1:colcon.colcon_core.package_identification:_identify(webots_ros2_homework1_python) by extension 'ignore_ament_install'
[1.160s] Level 1:colcon.colcon_core.package_identification:_identify(webots_ros2_homework1_python) by extensions ['colcon_pkg']
[1.164s] Level 1:colcon.colcon_core.package_identification:_identify(webots_ros2_homework1_python) by extension 'colcon_pkg'
[1.166s] Level 1:colcon.colcon_core.package_identification:_identify(webots_ros2_homework1_python) by extensions ['colcon_meta']
[1.166s] Level 1:colcon.colcon_core.package_identification:_identify(webots_ros2_homework1_python) by extension 'colcon_meta'
[1.167s] Level 1:colcon.colcon_core.package_identification:_identify(webots_ros2_homework1_python) by extensions ['ros']
[1.168s] Level 1:colcon.colcon_core.package_identification:_identify(webots_ros2_homework1_python) by extension 'ros'
[1.187s] DEBUG:colcon.colcon_core.package_identification:Package 'webots_ros2_homework1_python' with type 'ros.ament_python' and name 'webots_ros2_homework1_python'
[1.188s] Level 1:colcon.colcon_core.package_discovery:discover_packages(recursive) using defaults
[1.188s] Level 1:colcon.colcon_core.package_discovery:discover_packages(ignore) discover
[1.189s] Level 1:colcon.colcon_core.package_discovery:discover_packages(ignore) using defaults
[1.189s] Level 1:colcon.colcon_core.package_discovery:discover_packages(path) discover
[1.189s] Level 1:colcon.colcon_core.package_discovery:discover_packages(path) using defaults
[1.295s] Level 1:colcon.colcon_core.package_discovery:discover_packages(prefix_path) check parameters
[1.295s] Level 1:colcon.colcon_core.package_discovery:discover_packages(prefix_path) discover
[1.371s] DEBUG:colcon.colcon_installed_package_information.package_discovery:Found 1 installed packages in /mnt/c/Users/ljhay/f24_robotics/install
[1.374s] DEBUG:colcon.colcon_installed_package_information.package_discovery:Found 301 installed packages in /opt/ros/humble
[1.377s] Level 1:colcon.colcon_core.package_discovery:discover_packages(prefix_path) using defaults
[1.510s] Level 5:colcon.colcon_core.verb:set package 'webots_ros2_homework1_python' build argument 'cmake_args' from command line to 'None'
[1.511s] Level 5:colcon.colcon_core.verb:set package 'webots_ros2_homework1_python' build argument 'cmake_target' from command line to 'None'
[1.511s] Level 5:colcon.colcon_core.verb:set package 'webots_ros2_homework1_python' build argument 'cmake_target_skip_unavailable' from command line to 'False'
[1.512s] Level 5:colcon.colcon_core.verb:set package 'webots_ros2_homework1_python' build argument 'cmake_clean_cache' from command line to 'False'
[1.512s] Level 5:colcon.colcon_core.verb:set package 'webots_ros2_homework1_python' build argument 'cmake_clean_first' from command line to 'False'
[1.513s] Level 5:colcon.colcon_core.verb:set package 'webots_ros2_homework1_python' build argument 'cmake_force_configure' from command line to 'False'
[1.513s] Level 5:colcon.colcon_core.verb:set package 'webots_ros2_homework1_python' build argument 'ament_cmake_args' from command line to 'None'
[1.513s] Level 5:colcon.colcon_core.verb:set package 'webots_ros2_homework1_python' build argument 'catkin_cmake_args' from command line to 'None'
[1.514s] Level 5:colcon.colcon_core.verb:set package 'webots_ros2_homework1_python' build argument 'catkin_skip_building_tests' from command line to 'False'
[1.514s] DEBUG:colcon.colcon_core.verb:Building package 'webots_ros2_homework1_python' with the following arguments: {'ament_cmake_args': None, 'build_base': '/mnt/c/Users/ljhay/f24_robotics_2/build/webots_ros2_homework1_python', 'catkin_cmake_args': None, 'catkin_skip_building_tests': False, 'cmake_args': None, 'cmake_clean_cache': False, 'cmake_clean_first': False, 'cmake_force_configure': False, 'cmake_target': None, 'cmake_target_skip_unavailable': False, 'install_base': '/mnt/c/Users/ljhay/f24_robotics_2/install/webots_ros2_homework1_python', 'merge_install': False, 'path': '/mnt/c/Users/ljhay/f24_robotics_2/webots_ros2_homework1_python', 'symlink_install': False, 'test_result_base': None}
[1.515s] INFO:colcon.colcon_core.executor:Executing jobs using 'parallel' executor
[1.517s] DEBUG:colcon.colcon_parallel_executor.executor.parallel:run_until_complete
[1.517s] INFO:colcon.colcon_ros.task.ament_python.build:Building ROS package in '/mnt/c/Users/ljhay/f24_robotics_2/webots_ros2_homework1_python' with build type 'ament_python'
[1.518s] Level 1:colcon.colcon_core.shell:create_environment_hook('webots_ros2_homework1_python', 'ament_prefix_path')
[1.531s] INFO:colcon.colcon_core.plugin_system:Skipping extension 'colcon_core.shell.bat': Not used on non-Windows systems
[1.532s] INFO:colcon.colcon_core.shell:Creating environment hook '/mnt/c/Users/ljhay/f24_robotics_2/install/webots_ros2_homework1_python/share/webots_ros2_homework1_python/hook/ament_prefix_path.ps1'
[1.554s] INFO:colcon.colcon_core.shell:Creating environment descriptor '/mnt/c/Users/ljhay/f24_robotics_2/install/webots_ros2_homework1_python/share/webots_ros2_homework1_python/hook/ament_prefix_path.dsv'
[1.576s] INFO:colcon.colcon_core.shell:Creating environment hook '/mnt/c/Users/ljhay/f24_robotics_2/install/webots_ros2_homework1_python/share/webots_ros2_homework1_python/hook/ament_prefix_path.sh'
[1.598s] INFO:colcon.colcon_core.shell:Skip shell extension 'powershell' for command environment: Not usable outside of PowerShell
[1.598s] DEBUG:colcon.colcon_core.shell:Skip shell extension 'dsv' for command environment
[2.762s] INFO:colcon.colcon_core.task.python.build:Building Python package in '/mnt/c/Users/ljhay/f24_robotics_2/webots_ros2_homework1_python'
[2.762s] INFO:colcon.colcon_core.shell:Skip shell extension 'powershell' for command environment: Not usable outside of PowerShell
[2.763s] DEBUG:colcon.colcon_core.shell:Skip shell extension 'dsv' for command environment
[5.419s] DEBUG:colcon.colcon_core.event_handler.log_command:Invoking command in '/mnt/c/Users/ljhay/f24_robotics_2/webots_ros2_homework1_python': PYTHONPATH=/mnt/c/Users/ljhay/f24_robotics_2/build/webots_ros2_homework1_python/prefix_override:/usr/lib/python3/dist-packages/colcon_core/task/python/colcon_distutils_commands:/mnt/c/Users/ljhay/f24_robotics_2/install/webots_ros2_homework1_python/lib/python3.10/site-packages:${PYTHONPATH} /usr/bin/python3 -W ignore:setup.py install is deprecated setup.py egg_info --egg-base ../build/webots_ros2_homework1_python build --build-base /mnt/c/Users/ljhay/f24_robotics_2/build/webots_ros2_homework1_python/build install --record /mnt/c/Users/ljhay/f24_robotics_2/build/webots_ros2_homework1_python/install.log --single-version-externally-managed install_data
[9.236s] DEBUG:colcon.colcon_core.event_handler.log_command:Invoked command in '/mnt/c/Users/ljhay/f24_robotics_2/webots_ros2_homework1_python' returned '0': PYTHONPATH=/mnt/c/Users/ljhay/f24_robotics_2/build/webots_ros2_homework1_python/prefix_override:/usr/lib/python3/dist-packages/colcon_core/task/python/colcon_distutils_commands:/mnt/c/Users/ljhay/f24_robotics_2/install/webots_ros2_homework1_python/lib/python3.10/site-packages:${PYTHONPATH} /usr/bin/python3 -W ignore:setup.py install is deprecated setup.py egg_info --egg-base ../build/webots_ros2_homework1_python build --build-base /mnt/c/Users/ljhay/f24_robotics_2/build/webots_ros2_homework1_python/build install --record /mnt/c/Users/ljhay/f24_robotics_2/build/webots_ros2_homework1_python/install.log --single-version-externally-managed install_data
[9.247s] Level 1:colcon.colcon_core.environment:checking '/mnt/c/Users/ljhay/f24_robotics_2/install/webots_ros2_homework1_python' for CMake module files
[9.346s] Level 1:colcon.colcon_core.environment:checking '/mnt/c/Users/ljhay/f24_robotics_2/install/webots_ros2_homework1_python' for CMake config files
[9.546s] Level 1:colcon.colcon_core.environment:checking '/mnt/c/Users/ljhay/f24_robotics_2/install/webots_ros2_homework1_python/lib'
[9.554s] Level 1:colcon.colcon_core.environment:checking '/mnt/c/Users/ljhay/f24_robotics_2/install/webots_ros2_homework1_python/bin'
[9.557s] Level 1:colcon.colcon_core.environment:checking '/mnt/c/Users/ljhay/f24_robotics_2/install/webots_ros2_homework1_python/lib/pkgconfig/webots_ros2_homework1_python.pc'
[9.560s] Level 1:colcon.colcon_core.environment:checking '/mnt/c/Users/ljhay/f24_robotics_2/install/webots_ros2_homework1_python/lib/python3.10/site-packages'
[9.565s] Level 1:colcon.colcon_core.shell:create_environment_hook('webots_ros2_homework1_python', 'pythonpath')
[9.565s] INFO:colcon.colcon_core.shell:Creating environment hook '/mnt/c/Users/ljhay/f24_robotics_2/install/webots_ros2_homework1_python/share/webots_ros2_homework1_python/hook/pythonpath.ps1'
[9.588s] INFO:colcon.colcon_core.shell:Creating environment descriptor '/mnt/c/Users/ljhay/f24_robotics_2/install/webots_ros2_homework1_python/share/webots_ros2_homework1_python/hook/pythonpath.dsv'
[9.611s] INFO:colcon.colcon_core.shell:Creating environment hook '/mnt/c/Users/ljhay/f24_robotics_2/install/webots_ros2_homework1_python/share/webots_ros2_homework1_python/hook/pythonpath.sh'
[9.645s] Level 1:colcon.colcon_core.environment:checking '/mnt/c/Users/ljhay/f24_robotics_2/install/webots_ros2_homework1_python/bin'
[9.647s] Level 1:colcon.colcon_core.environment:create_environment_scripts_only(webots_ros2_homework1_python)
[9.648s] INFO:colcon.colcon_core.shell:Creating package script '/mnt/c/Users/ljhay/f24_robotics_2/install/webots_ros2_homework1_python/share/webots_ros2_homework1_python/package.ps1'
[9.670s] INFO:colcon.colcon_core.shell:Creating package descriptor '/mnt/c/Users/ljhay/f24_robotics_2/install/webots_ros2_homework1_python/share/webots_ros2_homework1_python/package.dsv'
[9.690s] INFO:colcon.colcon_core.shell:Creating package script '/mnt/c/Users/ljhay/f24_robotics_2/install/webots_ros2_homework1_python/share/webots_ros2_homework1_python/package.sh'
[9.708s] INFO:colcon.colcon_core.shell:Creating package script '/mnt/c/Users/ljhay/f24_robotics_2/install/webots_ros2_homework1_python/share/webots_ros2_homework1_python/package.bash'
[9.726s] INFO:colcon.colcon_core.shell:Creating package script '/mnt/c/Users/ljhay/f24_robotics_2/install/webots_ros2_homework1_python/share/webots_ros2_homework1_python/package.zsh'
[9.746s] Level 1:colcon.colcon_core.environment:create_file_with_runtime_dependencies(/mnt/c/Users/ljhay/f24_robotics_2/install/webots_ros2_homework1_python/share/colcon-core/packages/webots_ros2_homework1_python)
[9.764s] DEBUG:colcon.colcon_parallel_executor.executor.parallel:closing loop
[9.765s] DEBUG:colcon.colcon_parallel_executor.executor.parallel:loop closed
[9.766s] DEBUG:colcon.colcon_parallel_executor.executor.parallel:run_until_complete finished with '0'
[9.767s] DEBUG:colcon.colcon_core.event_reactor:joining thread
[9.838s] INFO:colcon.colcon_core.plugin_system:Skipping extension 'colcon_notification.desktop_notification.notify_send': Could not find 'notify-send'
[9.839s] INFO:colcon.colcon_core.plugin_system:Skipping extension 'colcon_notification.desktop_notification.terminal_notifier': Not used on non-Darwin systems
[9.840s] INFO:colcon.colcon_core.plugin_system:Skipping extension 'colcon_notification.desktop_notification.win32': Not used on non-Windows systems
[9.840s] INFO:colcon.colcon_notification.desktop_notification:Sending desktop notification using 'notify2'
[9.842s] DEBUG:colcon.colcon_notification.desktop_notification.notify2:Failed to initialize notify2: org.freedesktop.DBus.Error.FileNotFound: Failed to connect to socket /run/user/1000/bus: No such file or directory
[9.842s] DEBUG:colcon.colcon_core.event_reactor:joined thread
[9.843s] INFO:colcon.colcon_core.shell:Creating prefix script '/mnt/c/Users/ljhay/f24_robotics_2/install/local_setup.ps1'
[9.853s] INFO:colcon.colcon_core.shell:Creating prefix util module '/mnt/c/Users/ljhay/f24_robotics_2/install/_local_setup_util_ps1.py'
[9.864s] INFO:colcon.colcon_core.shell:Creating prefix chain script '/mnt/c/Users/ljhay/f24_robotics_2/install/setup.ps1'
[9.891s] INFO:colcon.colcon_core.shell:Creating prefix script '/mnt/c/Users/ljhay/f24_robotics_2/install/local_setup.sh'
[9.900s] INFO:colcon.colcon_core.shell:Creating prefix util module '/mnt/c/Users/ljhay/f24_robotics_2/install/_local_setup_util_sh.py'
[9.911s] INFO:colcon.colcon_core.shell:Creating prefix chain script '/mnt/c/Users/ljhay/f24_robotics_2/install/setup.sh'
[9.941s] INFO:colcon.colcon_core.shell:Creating prefix script '/mnt/c/Users/ljhay/f24_robotics_2/install/local_setup.bash'
[9.951s] INFO:colcon.colcon_core.shell:Creating prefix chain script '/mnt/c/Users/ljhay/f24_robotics_2/install/setup.bash'
[9.981s] INFO:colcon.colcon_core.shell:Creating prefix script '/mnt/c/Users/ljhay/f24_robotics_2/install/local_setup.zsh'
[9.990s] INFO:colcon.colcon_core.shell:Creating prefix chain script '/mnt/c/Users/ljhay/f24_robotics_2/install/setup.zsh'
