[2.066s] Invoking command in '/mnt/c/Users/ljhay/f24_robotics/webots_ros2_homework1_python': PYTHONPATH=/mnt/c/Users/ljhay/f24_robotics/build/webots_ros2_homework1_python/prefix_override:/usr/lib/python3/dist-packages/colcon_core/task/python/colcon_distutils_commands:/mnt/c/Users/ljhay/f24_robotics/install/webots_ros2_homework1_python/lib/python3.10/site-packages:${PYTHONPATH} /usr/bin/python3 -W ignore:setup.py install is deprecated setup.py egg_info --egg-base ../build/webots_ros2_homework1_python build --build-base /mnt/c/Users/ljhay/f24_robotics/build/webots_ros2_homework1_python/build install --record /mnt/c/Users/ljhay/f24_robotics/build/webots_ros2_homework1_python/install.log --single-version-externally-managed install_data
[2.965s] running egg_info
[2.971s] writing ../build/webots_ros2_homework1_python/webots_ros2_homework1_python.egg-info/PKG-INFO
[2.980s] writing dependency_links to ../build/webots_ros2_homework1_python/webots_ros2_homework1_python.egg-info/dependency_links.txt
[2.987s] writing entry points to ../build/webots_ros2_homework1_python/webots_ros2_homework1_python.egg-info/entry_points.txt
[2.994s] writing requirements to ../build/webots_ros2_homework1_python/webots_ros2_homework1_python.egg-info/requires.txt
[2.998s] writing top-level names to ../build/webots_ros2_homework1_python/webots_ros2_homework1_python.egg-info/top_level.txt
[3.050s] reading manifest file '../build/webots_ros2_homework1_python/webots_ros2_homework1_python.egg-info/SOURCES.txt'
[3.127s] writing manifest file '../build/webots_ros2_homework1_python/webots_ros2_homework1_python.egg-info/SOURCES.txt'
[3.133s] running build
[3.134s] running build_py
[3.149s] copying webots_ros2_homework1_python/webots_ros2_homework1_python.py -> /mnt/c/Users/ljhay/f24_robotics/build/webots_ros2_homework1_python/build/lib/webots_ros2_homework1_python
[3.184s] running install
[3.185s] running install_lib
[3.233s] copying /mnt/c/Users/ljhay/f24_robotics/build/webots_ros2_homework1_python/build/lib/webots_ros2_homework1_python/webots_ros2_homework1_python.py -> /mnt/c/Users/ljhay/f24_robotics/install/webots_ros2_homework1_python/lib/python3.10/site-packages/webots_ros2_homework1_python
[3.327s] byte-compiling /mnt/c/Users/ljhay/f24_robotics/install/webots_ros2_homework1_python/lib/python3.10/site-packages/webots_ros2_homework1_python/webots_ros2_homework1_python.py to webots_ros2_homework1_python.cpython-310.pyc
[3.402s] running install_data
[3.489s] running install_egg_info
[3.501s] removing '/mnt/c/Users/ljhay/f24_robotics/install/webots_ros2_homework1_python/lib/python3.10/site-packages/webots_ros2_homework1_python-0.0.0-py3.10.egg-info' (and everything under it)
[3.566s] Copying ../build/webots_ros2_homework1_python/webots_ros2_homework1_python.egg-info to /mnt/c/Users/ljhay/f24_robotics/install/webots_ros2_homework1_python/lib/python3.10/site-packages/webots_ros2_homework1_python-0.0.0-py3.10.egg-info
[3.838s] running install_scripts
[3.916s] Installing webots_ros2_homework1_python script to /mnt/c/Users/ljhay/f24_robotics/install/webots_ros2_homework1_python/lib/webots_ros2_homework1_python
[3.933s] writing list of installed files to '/mnt/c/Users/ljhay/f24_robotics/build/webots_ros2_homework1_python/install.log'
[3.975s] Invoked command in '/mnt/c/Users/ljhay/f24_robotics/webots_ros2_homework1_python' returned '0': PYTHONPATH=/mnt/c/Users/ljhay/f24_robotics/build/webots_ros2_homework1_python/prefix_override:/usr/lib/python3/dist-packages/colcon_core/task/python/colcon_distutils_commands:/mnt/c/Users/ljhay/f24_robotics/install/webots_ros2_homework1_python/lib/python3.10/site-packages:${PYTHONPATH} /usr/bin/python3 -W ignore:setup.py install is deprecated setup.py egg_info --egg-base ../build/webots_ros2_homework1_python build --build-base /mnt/c/Users/ljhay/f24_robotics/build/webots_ros2_homework1_python/build install --record /mnt/c/Users/ljhay/f24_robotics/build/webots_ros2_homework1_python/install.log --single-version-externally-managed install_data
