[3.898s] Invoking command in '/mnt/c/Users/ljhay/f24_robotics_2/webots_ros2_homework1_python': PYTHONPATH=/mnt/c/Users/ljhay/f24_robotics_2/build/webots_ros2_homework1_python/prefix_override:/usr/lib/python3/dist-packages/colcon_core/task/python/colcon_distutils_commands:/mnt/c/Users/ljhay/f24_robotics_2/install/webots_ros2_homework1_python/lib/python3.10/site-packages:${PYTHONPATH} /usr/bin/python3 -W ignore:setup.py install is deprecated setup.py egg_info --egg-base ../build/webots_ros2_homework1_python build --build-base /mnt/c/Users/ljhay/f24_robotics_2/build/webots_ros2_homework1_python/build install --record /mnt/c/Users/ljhay/f24_robotics_2/build/webots_ros2_homework1_python/install.log --single-version-externally-managed install_data
[5.761s] running egg_info
[5.770s] writing ../build/webots_ros2_homework1_python/webots_ros2_homework1_python.egg-info/PKG-INFO
[5.783s] writing dependency_links to ../build/webots_ros2_homework1_python/webots_ros2_homework1_python.egg-info/dependency_links.txt
[5.794s] writing entry points to ../build/webots_ros2_homework1_python/webots_ros2_homework1_python.egg-info/entry_points.txt
[5.802s] writing requirements to ../build/webots_ros2_homework1_python/webots_ros2_homework1_python.egg-info/requires.txt
[5.808s] writing top-level names to ../build/webots_ros2_homework1_python/webots_ros2_homework1_python.egg-info/top_level.txt
[5.892s] reading manifest file '../build/webots_ros2_homework1_python/webots_ros2_homework1_python.egg-info/SOURCES.txt'
[6.035s] writing manifest file '../build/webots_ros2_homework1_python/webots_ros2_homework1_python.egg-info/SOURCES.txt'
[6.037s] running build
[6.038s] running build_py
[6.071s] copying webots_ros2_homework1_python/webots_ros2_homework1_python.py -> /mnt/c/Users/ljhay/f24_robotics_2/build/webots_ros2_homework1_python/build/lib/webots_ros2_homework1_python
[6.127s] copying webots_ros2_homework1_python/__init__.py -> /mnt/c/Users/ljhay/f24_robotics_2/build/webots_ros2_homework1_python/build/lib/webots_ros2_homework1_python
[6.158s] running install
[6.160s] running install_lib
[6.239s] copying /mnt/c/Users/ljhay/f24_robotics_2/build/webots_ros2_homework1_python/build/lib/webots_ros2_homework1_python/webots_ros2_homework1_python.py -> /mnt/c/Users/ljhay/f24_robotics_2/install/webots_ros2_homework1_python/lib/python3.10/site-packages/webots_ros2_homework1_python
[6.315s] copying /mnt/c/Users/ljhay/f24_robotics_2/build/webots_ros2_homework1_python/build/lib/webots_ros2_homework1_python/__init__.py -> /mnt/c/Users/ljhay/f24_robotics_2/install/webots_ros2_homework1_python/lib/python3.10/site-packages/webots_ros2_homework1_python
[6.387s] byte-compiling /mnt/c/Users/ljhay/f24_robotics_2/install/webots_ros2_homework1_python/lib/python3.10/site-packages/webots_ros2_homework1_python/webots_ros2_homework1_python.py to webots_ros2_homework1_python.cpython-310.pyc
[6.482s] byte-compiling /mnt/c/Users/ljhay/f24_robotics_2/install/webots_ros2_homework1_python/lib/python3.10/site-packages/webots_ros2_homework1_python/__init__.py to __init__.cpython-310.pyc
[6.543s] running install_data
[6.572s] copying resource/webots_ros2_homework1_python -> /mnt/c/Users/ljhay/f24_robotics_2/install/webots_ros2_homework1_python/share/ament_index/resource_index/packages
[6.629s] copying launch/f23_robotics_1_launch.py -> /mnt/c/Users/ljhay/f24_robotics_2/install/webots_ros2_homework1_python/share/webots_ros2_homework1_python/launch
[6.683s] copying worlds/f23_robotics_1.wbt -> /mnt/c/Users/ljhay/f24_robotics_2/install/webots_ros2_homework1_python/share/webots_ros2_homework1_python/worlds
[6.735s] copying package.xml -> /mnt/c/Users/ljhay/f24_robotics_2/install/webots_ros2_homework1_python/share/webots_ros2_homework1_python
[6.792s] copying resource/turtlebot_webots.urdf -> /mnt/c/Users/ljhay/f24_robotics_2/install/webots_ros2_homework1_python/share/webots_ros2_homework1_python/resource
[6.847s] copying resource/ros2control.yml -> /mnt/c/Users/ljhay/f24_robotics_2/install/webots_ros2_homework1_python/share/webots_ros2_homework1_python/resource
[6.885s] running install_egg_info
[6.913s] removing '/mnt/c/Users/ljhay/f24_robotics_2/install/webots_ros2_homework1_python/lib/python3.10/site-packages/webots_ros2_homework1_python-0.0.0-py3.10.egg-info' (and everything under it)
[7.016s] Copying ../build/webots_ros2_homework1_python/webots_ros2_homework1_python.egg-info to /mnt/c/Users/ljhay/f24_robotics_2/install/webots_ros2_homework1_python/lib/python3.10/site-packages/webots_ros2_homework1_python-0.0.0-py3.10.egg-info
[7.447s] running install_scripts
[7.627s] Installing webots_ros2_homework1_python script to /mnt/c/Users/ljhay/f24_robotics_2/install/webots_ros2_homework1_python/lib/webots_ros2_homework1_python
[7.652s] writing list of installed files to '/mnt/c/Users/ljhay/f24_robotics_2/build/webots_ros2_homework1_python/install.log'
[7.715s] Invoked command in '/mnt/c/Users/ljhay/f24_robotics_2/webots_ros2_homework1_python' returned '0': PYTHONPATH=/mnt/c/Users/ljhay/f24_robotics_2/build/webots_ros2_homework1_python/prefix_override:/usr/lib/python3/dist-packages/colcon_core/task/python/colcon_distutils_commands:/mnt/c/Users/ljhay/f24_robotics_2/install/webots_ros2_homework1_python/lib/python3.10/site-packages:${PYTHONPATH} /usr/bin/python3 -W ignore:setup.py install is deprecated setup.py egg_info --egg-base ../build/webots_ros2_homework1_python build --build-base /mnt/c/Users/ljhay/f24_robotics_2/build/webots_ros2_homework1_python/build install --record /mnt/c/Users/ljhay/f24_robotics_2/build/webots_ros2_homework1_python/install.log --single-version-externally-managed install_data
