[0.525s] DEBUG:colcon:Command line arguments: ['/usr/bin/colcon', 'build']
[0.526s] DEBUG:colcon:Parsed command line arguments: Namespace(log_base=None, log_level=None, verb_name='build', build_base='build', install_base='install', merge_install=False, symlink_install=False, test_result_base=None, continue_on_error=False, executor='parallel', parallel_workers=8, event_handlers=None, ignore_user_meta=False, metas=['./colcon.meta'], base_paths=['.'], packages_ignore=None, packages_ignore_regex=None, paths=None, packages_up_to=None, packages_up_to_regex=None, packages_above=None, packages_above_and_dependencies=None, packages_above_depth=None, packages_select_by_dep=None, packages_skip_by_dep=None, packages_skip_up_to=None, packages_select_build_failed=False, packages_skip_build_finished=False, packages_select_test_failures=False, packages_skip_test_passed=False, packages_select=None, packages_skip=None, packages_select_regex=None, packages_skip_regex=None, packages_start=None, packages_end=None, allow_overriding=[], cmake_args=None, cmake_target=None, cmake_target_skip_unavailable=False, cmake_clean_cache=False, cmake_clean_first=False, cmake_force_configure=False, ament_cmake_args=None, catkin_cmake_args=None, catkin_skip_building_tests=False, mixin_files=None, mixin=None, verb_parser=<colcon_mixin.mixin.mixin_argument.MixinArgumentDecorator object at 0x7f8c76d32080>, verb_extension=<colcon_core.verb.build.BuildVerb object at 0x7f8c76eb67d0>, main=<bound method BuildVerb.main of <colcon_core.verb.build.BuildVerb object at 0x7f8c76eb67d0>>, mixin_verb=('build',))
[0.888s] Level 1:colcon.colcon_core.package_discovery:discover_packages(colcon_meta) check parameters
[0.889s] Level 1:colcon.colcon_core.package_discovery:discover_packages(recursive) check parameters
[0.889s] Level 1:colcon.colcon_core.package_discovery:discover_packages(ignore) check parameters
[0.889s] Level 1:colcon.colcon_core.package_discovery:discover_packages(path) check parameters
[0.890s] Level 1:colcon.colcon_core.package_discovery:discover_packages(colcon_meta) discover
[0.890s] Level 1:colcon.colcon_core.package_discovery:discover_packages(recursive) discover
[0.890s] INFO:colcon.colcon_core.package_discovery:Crawling recursively for packages in '/mnt/c/Users/ljhay/hw2_angle'
[0.892s] Level 1:colcon.colcon_core.package_identification:_identify(.) by extensions ['ignore', 'ignore_ament_install']
[0.893s] Level 1:colcon.colcon_core.package_identification:_identify(.) by extension 'ignore'
[0.893s] Level 1:colcon.colcon_core.package_identification:_identify(.) by extension 'ignore_ament_install'
[0.894s] Level 1:colcon.colcon_core.package_identification:_identify(.) by extensions ['colcon_pkg']
[0.895s] Level 1:colcon.colcon_core.package_identification:_identify(.) by extension 'colcon_pkg'
[0.895s] Level 1:colcon.colcon_core.package_identification:_identify(.) by extensions ['colcon_meta']
[0.895s] Level 1:colcon.colcon_core.package_identification:_identify(.) by extension 'colcon_meta'
[0.896s] Level 1:colcon.colcon_core.package_identification:_identify(.) by extensions ['ros']
[0.896s] Level 1:colcon.colcon_core.package_identification:_identify(.) by extension 'ros'
[0.915s] Level 1:colcon.colcon_core.package_identification:_identify(.) by extensions ['cmake', 'python']
[0.916s] Level 1:colcon.colcon_core.package_identification:_identify(.) by extension 'cmake'
[0.917s] Level 1:colcon.colcon_core.package_identification:_identify(.) by extension 'python'
[0.917s] Level 1:colcon.colcon_core.package_identification:_identify(.) by extensions ['python_setup_py']
[0.918s] Level 1:colcon.colcon_core.package_identification:_identify(.) by extension 'python_setup_py'
[0.921s] Level 1:colcon.colcon_core.package_identification:_identify(Resources) by extensions ['ignore', 'ignore_ament_install']
[0.922s] Level 1:colcon.colcon_core.package_identification:_identify(Resources) by extension 'ignore'
[0.923s] Level 1:colcon.colcon_core.package_identification:_identify(Resources) by extension 'ignore_ament_install'
[0.924s] Level 1:colcon.colcon_core.package_identification:_identify(Resources) by extensions ['colcon_pkg']
[0.925s] Level 1:colcon.colcon_core.package_identification:_identify(Resources) by extension 'colcon_pkg'
[0.926s] Level 1:colcon.colcon_core.package_identification:_identify(Resources) by extensions ['colcon_meta']
[0.926s] Level 1:colcon.colcon_core.package_identification:_identify(Resources) by extension 'colcon_meta'
[0.927s] Level 1:colcon.colcon_core.package_identification:_identify(Resources) by extensions ['ros']
[0.927s] Level 1:colcon.colcon_core.package_identification:_identify(Resources) by extension 'ros'
[0.932s] Level 1:colcon.colcon_core.package_identification:_identify(Resources) by extensions ['cmake', 'python']
[0.932s] Level 1:colcon.colcon_core.package_identification:_identify(Resources) by extension 'cmake'
[0.933s] Level 1:colcon.colcon_core.package_identification:_identify(Resources) by extension 'python'
[0.935s] Level 1:colcon.colcon_core.package_identification:_identify(Resources) by extensions ['python_setup_py']
[0.935s] Level 1:colcon.colcon_core.package_identification:_identify(Resources) by extension 'python_setup_py'
[0.939s] Level 1:colcon.colcon_core.package_identification:_identify(build) by extensions ['ignore', 'ignore_ament_install']
[0.940s] Level 1:colcon.colcon_core.package_identification:_identify(build) by extension 'ignore'
[0.941s] Level 1:colcon.colcon_core.package_identification:_identify(build) ignored
[0.944s] Level 1:colcon.colcon_core.package_identification:_identify(install) by extensions ['ignore', 'ignore_ament_install']
[0.944s] Level 1:colcon.colcon_core.package_identification:_identify(install) by extension 'ignore'
[0.946s] Level 1:colcon.colcon_core.package_identification:_identify(install) ignored
[0.952s] Level 1:colcon.colcon_core.package_identification:_identify(log) by extensions ['ignore', 'ignore_ament_install']
[0.952s] Level 1:colcon.colcon_core.package_identification:_identify(log) by extension 'ignore'
[0.953s] Level 1:colcon.colcon_core.package_identification:_identify(log) ignored
[0.957s] Level 1:colcon.colcon_core.package_identification:_identify(webots_ros2_homework1_python) by extensions ['ignore', 'ignore_ament_install']
[0.957s] Level 1:colcon.colcon_core.package_identification:_identify(webots_ros2_homework1_python) by extension 'ignore'
[0.958s] Level 1:colcon.colcon_core.package_identification:_identify(webots_ros2_homework1_python) by extension 'ignore_ament_install'
[0.960s] Level 1:colcon.colcon_core.package_identification:_identify(webots_ros2_homework1_python) by extensions ['colcon_pkg']
[0.960s] Level 1:colcon.colcon_core.package_identification:_identify(webots_ros2_homework1_python) by extension 'colcon_pkg'
[0.961s] Level 1:colcon.colcon_core.package_identification:_identify(webots_ros2_homework1_python) by extensions ['colcon_meta']
[0.962s] Level 1:colcon.colcon_core.package_identification:_identify(webots_ros2_homework1_python) by extension 'colcon_meta'
[0.963s] Level 1:colcon.colcon_core.package_identification:_identify(webots_ros2_homework1_python) by extensions ['ros']
[0.963s] Level 1:colcon.colcon_core.package_identification:_identify(webots_ros2_homework1_python) by extension 'ros'
[0.975s] DEBUG:colcon.colcon_core.package_identification:Package 'webots_ros2_homework1_python' with type 'ros.ament_python' and name 'webots_ros2_homework1_python'
[0.976s] Level 1:colcon.colcon_core.package_discovery:discover_packages(recursive) using defaults
[0.976s] Level 1:colcon.colcon_core.package_discovery:discover_packages(ignore) discover
[0.976s] Level 1:colcon.colcon_core.package_discovery:discover_packages(ignore) using defaults
[0.977s] Level 1:colcon.colcon_core.package_discovery:discover_packages(path) discover
[0.977s] Level 1:colcon.colcon_core.package_discovery:discover_packages(path) using defaults
[1.076s] Level 1:colcon.colcon_core.package_discovery:discover_packages(prefix_path) check parameters
[1.076s] Level 1:colcon.colcon_core.package_discovery:discover_packages(prefix_path) discover
[1.123s] DEBUG:colcon.colcon_installed_package_information.package_discovery:Found 1 installed packages in /mnt/c/Users/ljhay/hw2_angle/install
[1.161s] DEBUG:colcon.colcon_installed_package_information.package_discovery:Found 1 installed packages in /mnt/c/Users/ljhay/f24_robotics/install
[1.172s] DEBUG:colcon.colcon_installed_package_information.package_discovery:Found 301 installed packages in /opt/ros/humble
[1.174s] Level 1:colcon.colcon_core.package_discovery:discover_packages(prefix_path) using defaults
[1.252s] Level 5:colcon.colcon_core.verb:set package 'webots_ros2_homework1_python' build argument 'cmake_args' from command line to 'None'
[1.253s] Level 5:colcon.colcon_core.verb:set package 'webots_ros2_homework1_python' build argument 'cmake_target' from command line to 'None'
[1.253s] Level 5:colcon.colcon_core.verb:set package 'webots_ros2_homework1_python' build argument 'cmake_target_skip_unavailable' from command line to 'False'
[1.254s] Level 5:colcon.colcon_core.verb:set package 'webots_ros2_homework1_python' build argument 'cmake_clean_cache' from command line to 'False'
[1.254s] Level 5:colcon.colcon_core.verb:set package 'webots_ros2_homework1_python' build argument 'cmake_clean_first' from command line to 'False'
[1.254s] Level 5:colcon.colcon_core.verb:set package 'webots_ros2_homework1_python' build argument 'cmake_force_configure' from command line to 'False'
[1.255s] Level 5:colcon.colcon_core.verb:set package 'webots_ros2_homework1_python' build argument 'ament_cmake_args' from command line to 'None'
[1.255s] Level 5:colcon.colcon_core.verb:set package 'webots_ros2_homework1_python' build argument 'catkin_cmake_args' from command line to 'None'
[1.255s] Level 5:colcon.colcon_core.verb:set package 'webots_ros2_homework1_python' build argument 'catkin_skip_building_tests' from command line to 'False'
[1.255s] DEBUG:colcon.colcon_core.verb:Building package 'webots_ros2_homework1_python' with the following arguments: {'ament_cmake_args': None, 'build_base': '/mnt/c/Users/ljhay/hw2_angle/build/webots_ros2_homework1_python', 'catkin_cmake_args': None, 'catkin_skip_building_tests': False, 'cmake_args': None, 'cmake_clean_cache': False, 'cmake_clean_first': False, 'cmake_force_configure': False, 'cmake_target': None, 'cmake_target_skip_unavailable': False, 'install_base': '/mnt/c/Users/ljhay/hw2_angle/install/webots_ros2_homework1_python', 'merge_install': False, 'path': '/mnt/c/Users/ljhay/hw2_angle/webots_ros2_homework1_python', 'symlink_install': False, 'test_result_base': None}
[1.256s] INFO:colcon.colcon_core.executor:Executing jobs using 'parallel' executor
[1.257s] DEBUG:colcon.colcon_parallel_executor.executor.parallel:run_until_complete
[1.258s] INFO:colcon.colcon_ros.task.ament_python.build:Building ROS package in '/mnt/c/Users/ljhay/hw2_angle/webots_ros2_homework1_python' with build type 'ament_python'
[1.259s] Level 1:colcon.colcon_core.shell:create_environment_hook('webots_ros2_homework1_python', 'ament_prefix_path')
[1.274s] INFO:colcon.colcon_core.plugin_system:Skipping extension 'colcon_core.shell.bat': Not used on non-Windows systems
[1.274s] INFO:colcon.colcon_core.shell:Creating environment hook '/mnt/c/Users/ljhay/hw2_angle/install/webots_ros2_homework1_python/share/webots_ros2_homework1_python/hook/ament_prefix_path.ps1'
[1.290s] INFO:colcon.colcon_core.shell:Creating environment descriptor '/mnt/c/Users/ljhay/hw2_angle/install/webots_ros2_homework1_python/share/webots_ros2_homework1_python/hook/ament_prefix_path.dsv'
[1.306s] INFO:colcon.colcon_core.shell:Creating environment hook '/mnt/c/Users/ljhay/hw2_angle/install/webots_ros2_homework1_python/share/webots_ros2_homework1_python/hook/ament_prefix_path.sh'
[1.322s] INFO:colcon.colcon_core.shell:Skip shell extension 'powershell' for command environment: Not usable outside of PowerShell
[1.322s] DEBUG:colcon.colcon_core.shell:Skip shell extension 'dsv' for command environment
[2.462s] INFO:colcon.colcon_core.task.python.build:Building Python package in '/mnt/c/Users/ljhay/hw2_angle/webots_ros2_homework1_python'
[2.463s] INFO:colcon.colcon_core.shell:Skip shell extension 'powershell' for command environment: Not usable outside of PowerShell
[2.463s] DEBUG:colcon.colcon_core.shell:Skip shell extension 'dsv' for command environment
[4.260s] DEBUG:colcon.colcon_core.event_handler.log_command:Invoking command in '/mnt/c/Users/ljhay/hw2_angle/webots_ros2_homework1_python': PYTHONPATH=/mnt/c/Users/ljhay/hw2_angle/build/webots_ros2_homework1_python/prefix_override:/usr/lib/python3/dist-packages/colcon_core/task/python/colcon_distutils_commands:/mnt/c/Users/ljhay/hw2_angle/install/webots_ros2_homework1_python/lib/python3.10/site-packages:${PYTHONPATH} /usr/bin/python3 -W ignore:setup.py install is deprecated setup.py egg_info --egg-base ../build/webots_ros2_homework1_python build --build-base /mnt/c/Users/ljhay/hw2_angle/build/webots_ros2_homework1_python/build install --record /mnt/c/Users/ljhay/hw2_angle/build/webots_ros2_homework1_python/install.log --single-version-externally-managed install_data
[6.439s] DEBUG:colcon.colcon_core.event_handler.log_command:Invoked command in '/mnt/c/Users/ljhay/hw2_angle/webots_ros2_homework1_python' returned '0': PYTHONPATH=/mnt/c/Users/ljhay/hw2_angle/build/webots_ros2_homework1_python/prefix_override:/usr/lib/python3/dist-packages/colcon_core/task/python/colcon_distutils_commands:/mnt/c/Users/ljhay/hw2_angle/install/webots_ros2_homework1_python/lib/python3.10/site-packages:${PYTHONPATH} /usr/bin/python3 -W ignore:setup.py install is deprecated setup.py egg_info --egg-base ../build/webots_ros2_homework1_python build --build-base /mnt/c/Users/ljhay/hw2_angle/build/webots_ros2_homework1_python/build install --record /mnt/c/Users/ljhay/hw2_angle/build/webots_ros2_homework1_python/install.log --single-version-externally-managed install_data
[6.454s] Level 1:colcon.colcon_core.environment:checking '/mnt/c/Users/ljhay/hw2_angle/install/webots_ros2_homework1_python' for CMake module files
[6.537s] Level 1:colcon.colcon_core.environment:checking '/mnt/c/Users/ljhay/hw2_angle/install/webots_ros2_homework1_python' for CMake config files
[6.707s] Level 1:colcon.colcon_core.environment:checking '/mnt/c/Users/ljhay/hw2_angle/install/webots_ros2_homework1_python/lib'
[6.713s] Level 1:colcon.colcon_core.environment:checking '/mnt/c/Users/ljhay/hw2_angle/install/webots_ros2_homework1_python/bin'
[6.715s] Level 1:colcon.colcon_core.environment:checking '/mnt/c/Users/ljhay/hw2_angle/install/webots_ros2_homework1_python/lib/pkgconfig/webots_ros2_homework1_python.pc'
[6.719s] Level 1:colcon.colcon_core.environment:checking '/mnt/c/Users/ljhay/hw2_angle/install/webots_ros2_homework1_python/lib/python3.10/site-packages'
[6.723s] Level 1:colcon.colcon_core.shell:create_environment_hook('webots_ros2_homework1_python', 'pythonpath')
[6.724s] INFO:colcon.colcon_core.shell:Creating environment hook '/mnt/c/Users/ljhay/hw2_angle/install/webots_ros2_homework1_python/share/webots_ros2_homework1_python/hook/pythonpath.ps1'
[6.745s] INFO:colcon.colcon_core.shell:Creating environment descriptor '/mnt/c/Users/ljhay/hw2_angle/install/webots_ros2_homework1_python/share/webots_ros2_homework1_python/hook/pythonpath.dsv'
[6.768s] INFO:colcon.colcon_core.shell:Creating environment hook '/mnt/c/Users/ljhay/hw2_angle/install/webots_ros2_homework1_python/share/webots_ros2_homework1_python/hook/pythonpath.sh'
[6.792s] Level 1:colcon.colcon_core.environment:checking '/mnt/c/Users/ljhay/hw2_angle/install/webots_ros2_homework1_python/bin'
[6.795s] Level 1:colcon.colcon_core.environment:create_environment_scripts_only(webots_ros2_homework1_python)
[6.795s] INFO:colcon.colcon_core.shell:Creating package script '/mnt/c/Users/ljhay/hw2_angle/install/webots_ros2_homework1_python/share/webots_ros2_homework1_python/package.ps1'
[6.812s] INFO:colcon.colcon_core.shell:Creating package descriptor '/mnt/c/Users/ljhay/hw2_angle/install/webots_ros2_homework1_python/share/webots_ros2_homework1_python/package.dsv'
[6.827s] INFO:colcon.colcon_core.shell:Creating package script '/mnt/c/Users/ljhay/hw2_angle/install/webots_ros2_homework1_python/share/webots_ros2_homework1_python/package.sh'
[6.842s] INFO:colcon.colcon_core.shell:Creating package script '/mnt/c/Users/ljhay/hw2_angle/install/webots_ros2_homework1_python/share/webots_ros2_homework1_python/package.bash'
[6.857s] INFO:colcon.colcon_core.shell:Creating package script '/mnt/c/Users/ljhay/hw2_angle/install/webots_ros2_homework1_python/share/webots_ros2_homework1_python/package.zsh'
[6.872s] Level 1:colcon.colcon_core.environment:create_file_with_runtime_dependencies(/mnt/c/Users/ljhay/hw2_angle/install/webots_ros2_homework1_python/share/colcon-core/packages/webots_ros2_homework1_python)
[6.885s] DEBUG:colcon.colcon_parallel_executor.executor.parallel:closing loop
[6.886s] DEBUG:colcon.colcon_parallel_executor.executor.parallel:loop closed
[6.886s] DEBUG:colcon.colcon_parallel_executor.executor.parallel:run_until_complete finished with '0'
[6.887s] DEBUG:colcon.colcon_core.event_reactor:joining thread
[6.936s] INFO:colcon.colcon_core.plugin_system:Skipping extension 'colcon_notification.desktop_notification.notify_send': Could not find 'notify-send'
[6.936s] INFO:colcon.colcon_core.plugin_system:Skipping extension 'colcon_notification.desktop_notification.terminal_notifier': Not used on non-Darwin systems
[6.937s] INFO:colcon.colcon_core.plugin_system:Skipping extension 'colcon_notification.desktop_notification.win32': Not used on non-Windows systems
[6.937s] INFO:colcon.colcon_notification.desktop_notification:Sending desktop notification using 'notify2'
[6.937s] DEBUG:colcon.colcon_notification.desktop_notification.notify2:Failed to initialize notify2: org.freedesktop.DBus.Error.FileNotFound: Failed to connect to socket /run/user/1000/bus: No such file or directory
[6.938s] DEBUG:colcon.colcon_core.event_reactor:joined thread
[6.939s] INFO:colcon.colcon_core.shell:Creating prefix script '/mnt/c/Users/ljhay/hw2_angle/install/local_setup.ps1'
[6.944s] INFO:colcon.colcon_core.shell:Creating prefix util module '/mnt/c/Users/ljhay/hw2_angle/install/_local_setup_util_ps1.py'
[6.952s] INFO:colcon.colcon_core.shell:Creating prefix chain script '/mnt/c/Users/ljhay/hw2_angle/install/setup.ps1'
[6.976s] INFO:colcon.colcon_core.shell:Creating prefix script '/mnt/c/Users/ljhay/hw2_angle/install/local_setup.sh'
[6.984s] INFO:colcon.colcon_core.shell:Creating prefix util module '/mnt/c/Users/ljhay/hw2_angle/install/_local_setup_util_sh.py'
[6.990s] INFO:colcon.colcon_core.shell:Creating prefix chain script '/mnt/c/Users/ljhay/hw2_angle/install/setup.sh'
[7.013s] INFO:colcon.colcon_core.shell:Creating prefix script '/mnt/c/Users/ljhay/hw2_angle/install/local_setup.bash'
[7.020s] INFO:colcon.colcon_core.shell:Creating prefix chain script '/mnt/c/Users/ljhay/hw2_angle/install/setup.bash'
[7.044s] INFO:colcon.colcon_core.shell:Creating prefix script '/mnt/c/Users/ljhay/hw2_angle/install/local_setup.zsh'
[7.051s] INFO:colcon.colcon_core.shell:Creating prefix chain script '/mnt/c/Users/ljhay/hw2_angle/install/setup.zsh'
