[1.126s] DEBUG:colcon:Command line arguments: ['/usr/bin/colcon', 'build']
[1.127s] DEBUG:colcon:Parsed command line arguments: Namespace(log_base=None, log_level=None, verb_name='build', build_base='build', install_base='install', merge_install=False, symlink_install=False, test_result_base=None, continue_on_error=False, executor='parallel', parallel_workers=8, event_handlers=None, ignore_user_meta=False, metas=['./colcon.meta'], base_paths=['.'], packages_ignore=None, packages_ignore_regex=None, paths=None, packages_up_to=None, packages_up_to_regex=None, packages_above=None, packages_above_and_dependencies=None, packages_above_depth=None, packages_select_by_dep=None, packages_skip_by_dep=None, packages_skip_up_to=None, packages_select_build_failed=False, packages_skip_build_finished=False, packages_select_test_failures=False, packages_skip_test_passed=False, packages_select=None, packages_skip=None, packages_select_regex=None, packages_skip_regex=None, packages_start=None, packages_end=None, allow_overriding=[], cmake_args=None, cmake_target=None, cmake_target_skip_unavailable=False, cmake_clean_cache=False, cmake_clean_first=False, cmake_force_configure=False, ament_cmake_args=None, catkin_cmake_args=None, catkin_skip_building_tests=False, mixin_files=None, mixin=None, verb_parser=<colcon_mixin.mixin.mixin_argument.MixinArgumentDecorator object at 0x7f4c42936080>, verb_extension=<colcon_core.verb.build.BuildVerb object at 0x7f4c42aba7d0>, main=<bound method BuildVerb.main of <colcon_core.verb.build.BuildVerb object at 0x7f4c42aba7d0>>, mixin_verb=('build',))
[1.741s] Level 1:colcon.colcon_core.package_discovery:discover_packages(colcon_meta) check parameters
[1.742s] Level 1:colcon.colcon_core.package_discovery:discover_packages(recursive) check parameters
[1.743s] Level 1:colcon.colcon_core.package_discovery:discover_packages(ignore) check parameters
[1.743s] Level 1:colcon.colcon_core.package_discovery:discover_packages(path) check parameters
[1.744s] Level 1:colcon.colcon_core.package_discovery:discover_packages(colcon_meta) discover
[1.744s] Level 1:colcon.colcon_core.package_discovery:discover_packages(recursive) discover
[1.745s] INFO:colcon.colcon_core.package_discovery:Crawling recursively for packages in '/mnt/c/Users/ljhay/hw2_angle'
[1.747s] Level 1:colcon.colcon_core.package_identification:_identify(.) by extensions ['ignore', 'ignore_ament_install']
[1.747s] Level 1:colcon.colcon_core.package_identification:_identify(.) by extension 'ignore'
[1.748s] Level 1:colcon.colcon_core.package_identification:_identify(.) by extension 'ignore_ament_install'
[1.749s] Level 1:colcon.colcon_core.package_identification:_identify(.) by extensions ['colcon_pkg']
[1.749s] Level 1:colcon.colcon_core.package_identification:_identify(.) by extension 'colcon_pkg'
[1.750s] Level 1:colcon.colcon_core.package_identification:_identify(.) by extensions ['colcon_meta']
[1.751s] Level 1:colcon.colcon_core.package_identification:_identify(.) by extension 'colcon_meta'
[1.751s] Level 1:colcon.colcon_core.package_identification:_identify(.) by extensions ['ros']
[1.751s] Level 1:colcon.colcon_core.package_identification:_identify(.) by extension 'ros'
[1.780s] Level 1:colcon.colcon_core.package_identification:_identify(.) by extensions ['cmake', 'python']
[1.781s] Level 1:colcon.colcon_core.package_identification:_identify(.) by extension 'cmake'
[1.782s] Level 1:colcon.colcon_core.package_identification:_identify(.) by extension 'python'
[1.783s] Level 1:colcon.colcon_core.package_identification:_identify(.) by extensions ['python_setup_py']
[1.784s] Level 1:colcon.colcon_core.package_identification:_identify(.) by extension 'python_setup_py'
[1.788s] Level 1:colcon.colcon_core.package_identification:_identify(Resources) by extensions ['ignore', 'ignore_ament_install']
[1.789s] Level 1:colcon.colcon_core.package_identification:_identify(Resources) by extension 'ignore'
[1.791s] Level 1:colcon.colcon_core.package_identification:_identify(Resources) by extension 'ignore_ament_install'
[1.793s] Level 1:colcon.colcon_core.package_identification:_identify(Resources) by extensions ['colcon_pkg']
[1.794s] Level 1:colcon.colcon_core.package_identification:_identify(Resources) by extension 'colcon_pkg'
[1.795s] Level 1:colcon.colcon_core.package_identification:_identify(Resources) by extensions ['colcon_meta']
[1.795s] Level 1:colcon.colcon_core.package_identification:_identify(Resources) by extension 'colcon_meta'
[1.796s] Level 1:colcon.colcon_core.package_identification:_identify(Resources) by extensions ['ros']
[1.797s] Level 1:colcon.colcon_core.package_identification:_identify(Resources) by extension 'ros'
[1.802s] Level 1:colcon.colcon_core.package_identification:_identify(Resources) by extensions ['cmake', 'python']
[1.802s] Level 1:colcon.colcon_core.package_identification:_identify(Resources) by extension 'cmake'
[1.803s] Level 1:colcon.colcon_core.package_identification:_identify(Resources) by extension 'python'
[1.805s] Level 1:colcon.colcon_core.package_identification:_identify(Resources) by extensions ['python_setup_py']
[1.805s] Level 1:colcon.colcon_core.package_identification:_identify(Resources) by extension 'python_setup_py'
[1.810s] Level 1:colcon.colcon_core.package_identification:_identify(build) by extensions ['ignore', 'ignore_ament_install']
[1.811s] Level 1:colcon.colcon_core.package_identification:_identify(build) by extension 'ignore'
[1.813s] Level 1:colcon.colcon_core.package_identification:_identify(build) ignored
[1.816s] Level 1:colcon.colcon_core.package_identification:_identify(install) by extensions ['ignore', 'ignore_ament_install']
[1.817s] Level 1:colcon.colcon_core.package_identification:_identify(install) by extension 'ignore'
[1.819s] Level 1:colcon.colcon_core.package_identification:_identify(install) ignored
[1.832s] Level 1:colcon.colcon_core.package_identification:_identify(log) by extensions ['ignore', 'ignore_ament_install']
[1.832s] Level 1:colcon.colcon_core.package_identification:_identify(log) by extension 'ignore'
[1.834s] Level 1:colcon.colcon_core.package_identification:_identify(log) ignored
[1.837s] Level 1:colcon.colcon_core.package_identification:_identify(webots_ros2_homework1_python) by extensions ['ignore', 'ignore_ament_install']
[1.838s] Level 1:colcon.colcon_core.package_identification:_identify(webots_ros2_homework1_python) by extension 'ignore'
[1.839s] Level 1:colcon.colcon_core.package_identification:_identify(webots_ros2_homework1_python) by extension 'ignore_ament_install'
[1.842s] Level 1:colcon.colcon_core.package_identification:_identify(webots_ros2_homework1_python) by extensions ['colcon_pkg']
[1.843s] Level 1:colcon.colcon_core.package_identification:_identify(webots_ros2_homework1_python) by extension 'colcon_pkg'
[1.844s] Level 1:colcon.colcon_core.package_identification:_identify(webots_ros2_homework1_python) by extensions ['colcon_meta']
[1.844s] Level 1:colcon.colcon_core.package_identification:_identify(webots_ros2_homework1_python) by extension 'colcon_meta'
[1.845s] Level 1:colcon.colcon_core.package_identification:_identify(webots_ros2_homework1_python) by extensions ['ros']
[1.846s] Level 1:colcon.colcon_core.package_identification:_identify(webots_ros2_homework1_python) by extension 'ros'
[1.862s] DEBUG:colcon.colcon_core.package_identification:Package 'webots_ros2_homework1_python' with type 'ros.ament_python' and name 'webots_ros2_homework1_python'
[1.863s] Level 1:colcon.colcon_core.package_discovery:discover_packages(recursive) using defaults
[1.864s] Level 1:colcon.colcon_core.package_discovery:discover_packages(ignore) discover
[1.865s] Level 1:colcon.colcon_core.package_discovery:discover_packages(ignore) using defaults
[1.865s] Level 1:colcon.colcon_core.package_discovery:discover_packages(path) discover
[1.865s] Level 1:colcon.colcon_core.package_discovery:discover_packages(path) using defaults
[2.063s] Level 1:colcon.colcon_core.package_discovery:discover_packages(prefix_path) check parameters
[2.063s] Level 1:colcon.colcon_core.package_discovery:discover_packages(prefix_path) discover
[2.115s] DEBUG:colcon.colcon_installed_package_information.package_discovery:Found 1 installed packages in /mnt/c/Users/ljhay/hw2_angle/install
[2.158s] DEBUG:colcon.colcon_installed_package_information.package_discovery:Found 1 installed packages in /mnt/c/Users/ljhay/f24_robotics/install
[2.166s] DEBUG:colcon.colcon_installed_package_information.package_discovery:Found 301 installed packages in /opt/ros/humble
[2.169s] Level 1:colcon.colcon_core.package_discovery:discover_packages(prefix_path) using defaults
[2.298s] Level 5:colcon.colcon_core.verb:set package 'webots_ros2_homework1_python' build argument 'cmake_args' from command line to 'None'
[2.299s] Level 5:colcon.colcon_core.verb:set package 'webots_ros2_homework1_python' build argument 'cmake_target' from command line to 'None'
[2.299s] Level 5:colcon.colcon_core.verb:set package 'webots_ros2_homework1_python' build argument 'cmake_target_skip_unavailable' from command line to 'False'
[2.300s] Level 5:colcon.colcon_core.verb:set package 'webots_ros2_homework1_python' build argument 'cmake_clean_cache' from command line to 'False'
[2.301s] Level 5:colcon.colcon_core.verb:set package 'webots_ros2_homework1_python' build argument 'cmake_clean_first' from command line to 'False'
[2.301s] Level 5:colcon.colcon_core.verb:set package 'webots_ros2_homework1_python' build argument 'cmake_force_configure' from command line to 'False'
[2.302s] Level 5:colcon.colcon_core.verb:set package 'webots_ros2_homework1_python' build argument 'ament_cmake_args' from command line to 'None'
[2.303s] Level 5:colcon.colcon_core.verb:set package 'webots_ros2_homework1_python' build argument 'catkin_cmake_args' from command line to 'None'
[2.303s] Level 5:colcon.colcon_core.verb:set package 'webots_ros2_homework1_python' build argument 'catkin_skip_building_tests' from command line to 'False'
[2.304s] DEBUG:colcon.colcon_core.verb:Building package 'webots_ros2_homework1_python' with the following arguments: {'ament_cmake_args': None, 'build_base': '/mnt/c/Users/ljhay/hw2_angle/build/webots_ros2_homework1_python', 'catkin_cmake_args': None, 'catkin_skip_building_tests': False, 'cmake_args': None, 'cmake_clean_cache': False, 'cmake_clean_first': False, 'cmake_force_configure': False, 'cmake_target': None, 'cmake_target_skip_unavailable': False, 'install_base': '/mnt/c/Users/ljhay/hw2_angle/install/webots_ros2_homework1_python', 'merge_install': False, 'path': '/mnt/c/Users/ljhay/hw2_angle/webots_ros2_homework1_python', 'symlink_install': False, 'test_result_base': None}
[2.305s] INFO:colcon.colcon_core.executor:Executing jobs using 'parallel' executor
[2.308s] DEBUG:colcon.colcon_parallel_executor.executor.parallel:run_until_complete
[2.310s] INFO:colcon.colcon_ros.task.ament_python.build:Building ROS package in '/mnt/c/Users/ljhay/hw2_angle/webots_ros2_homework1_python' with build type 'ament_python'
[2.311s] Level 1:colcon.colcon_core.shell:create_environment_hook('webots_ros2_homework1_python', 'ament_prefix_path')
[2.335s] INFO:colcon.colcon_core.plugin_system:Skipping extension 'colcon_core.shell.bat': Not used on non-Windows systems
[2.336s] INFO:colcon.colcon_core.shell:Creating environment hook '/mnt/c/Users/ljhay/hw2_angle/install/webots_ros2_homework1_python/share/webots_ros2_homework1_python/hook/ament_prefix_path.ps1'
[2.358s] INFO:colcon.colcon_core.shell:Creating environment descriptor '/mnt/c/Users/ljhay/hw2_angle/install/webots_ros2_homework1_python/share/webots_ros2_homework1_python/hook/ament_prefix_path.dsv'
[2.381s] INFO:colcon.colcon_core.shell:Creating environment hook '/mnt/c/Users/ljhay/hw2_angle/install/webots_ros2_homework1_python/share/webots_ros2_homework1_python/hook/ament_prefix_path.sh'
[2.406s] INFO:colcon.colcon_core.shell:Skip shell extension 'powershell' for command environment: Not usable outside of PowerShell
[2.407s] DEBUG:colcon.colcon_core.shell:Skip shell extension 'dsv' for command environment
[3.973s] INFO:colcon.colcon_core.task.python.build:Building Python package in '/mnt/c/Users/ljhay/hw2_angle/webots_ros2_homework1_python'
[3.974s] INFO:colcon.colcon_core.shell:Skip shell extension 'powershell' for command environment: Not usable outside of PowerShell
[3.974s] DEBUG:colcon.colcon_core.shell:Skip shell extension 'dsv' for command environment
[6.289s] DEBUG:colcon.colcon_core.event_handler.log_command:Invoking command in '/mnt/c/Users/ljhay/hw2_angle/webots_ros2_homework1_python': PYTHONPATH=/mnt/c/Users/ljhay/hw2_angle/build/webots_ros2_homework1_python/prefix_override:/usr/lib/python3/dist-packages/colcon_core/task/python/colcon_distutils_commands:/mnt/c/Users/ljhay/hw2_angle/install/webots_ros2_homework1_python/lib/python3.10/site-packages:${PYTHONPATH} /usr/bin/python3 -W ignore:setup.py install is deprecated setup.py egg_info --egg-base ../build/webots_ros2_homework1_python build --build-base /mnt/c/Users/ljhay/hw2_angle/build/webots_ros2_homework1_python/build install --record /mnt/c/Users/ljhay/hw2_angle/build/webots_ros2_homework1_python/install.log --single-version-externally-managed install_data
[9.143s] DEBUG:colcon.colcon_core.event_handler.log_command:Invoked command in '/mnt/c/Users/ljhay/hw2_angle/webots_ros2_homework1_python' returned '0': PYTHONPATH=/mnt/c/Users/ljhay/hw2_angle/build/webots_ros2_homework1_python/prefix_override:/usr/lib/python3/dist-packages/colcon_core/task/python/colcon_distutils_commands:/mnt/c/Users/ljhay/hw2_angle/install/webots_ros2_homework1_python/lib/python3.10/site-packages:${PYTHONPATH} /usr/bin/python3 -W ignore:setup.py install is deprecated setup.py egg_info --egg-base ../build/webots_ros2_homework1_python build --build-base /mnt/c/Users/ljhay/hw2_angle/build/webots_ros2_homework1_python/build install --record /mnt/c/Users/ljhay/hw2_angle/build/webots_ros2_homework1_python/install.log --single-version-externally-managed install_data
[9.156s] Level 1:colcon.colcon_core.environment:checking '/mnt/c/Users/ljhay/hw2_angle/install/webots_ros2_homework1_python' for CMake module files
[9.227s] Level 1:colcon.colcon_core.environment:checking '/mnt/c/Users/ljhay/hw2_angle/install/webots_ros2_homework1_python' for CMake config files
[9.361s] Level 1:colcon.colcon_core.environment:checking '/mnt/c/Users/ljhay/hw2_angle/install/webots_ros2_homework1_python/lib'
[9.366s] Level 1:colcon.colcon_core.environment:checking '/mnt/c/Users/ljhay/hw2_angle/install/webots_ros2_homework1_python/bin'
[9.368s] Level 1:colcon.colcon_core.environment:checking '/mnt/c/Users/ljhay/hw2_angle/install/webots_ros2_homework1_python/lib/pkgconfig/webots_ros2_homework1_python.pc'
[9.370s] Level 1:colcon.colcon_core.environment:checking '/mnt/c/Users/ljhay/hw2_angle/install/webots_ros2_homework1_python/lib/python3.10/site-packages'
[9.374s] Level 1:colcon.colcon_core.shell:create_environment_hook('webots_ros2_homework1_python', 'pythonpath')
[9.375s] INFO:colcon.colcon_core.shell:Creating environment hook '/mnt/c/Users/ljhay/hw2_angle/install/webots_ros2_homework1_python/share/webots_ros2_homework1_python/hook/pythonpath.ps1'
[9.392s] INFO:colcon.colcon_core.shell:Creating environment descriptor '/mnt/c/Users/ljhay/hw2_angle/install/webots_ros2_homework1_python/share/webots_ros2_homework1_python/hook/pythonpath.dsv'
[9.414s] INFO:colcon.colcon_core.shell:Creating environment hook '/mnt/c/Users/ljhay/hw2_angle/install/webots_ros2_homework1_python/share/webots_ros2_homework1_python/hook/pythonpath.sh'
[9.437s] Level 1:colcon.colcon_core.environment:checking '/mnt/c/Users/ljhay/hw2_angle/install/webots_ros2_homework1_python/bin'
[9.441s] Level 1:colcon.colcon_core.environment:create_environment_scripts_only(webots_ros2_homework1_python)
[9.442s] INFO:colcon.colcon_core.shell:Creating package script '/mnt/c/Users/ljhay/hw2_angle/install/webots_ros2_homework1_python/share/webots_ros2_homework1_python/package.ps1'
[9.462s] INFO:colcon.colcon_core.shell:Creating package descriptor '/mnt/c/Users/ljhay/hw2_angle/install/webots_ros2_homework1_python/share/webots_ros2_homework1_python/package.dsv'
[9.480s] INFO:colcon.colcon_core.shell:Creating package script '/mnt/c/Users/ljhay/hw2_angle/install/webots_ros2_homework1_python/share/webots_ros2_homework1_python/package.sh'
[9.497s] INFO:colcon.colcon_core.shell:Creating package script '/mnt/c/Users/ljhay/hw2_angle/install/webots_ros2_homework1_python/share/webots_ros2_homework1_python/package.bash'
[9.514s] INFO:colcon.colcon_core.shell:Creating package script '/mnt/c/Users/ljhay/hw2_angle/install/webots_ros2_homework1_python/share/webots_ros2_homework1_python/package.zsh'
[9.531s] Level 1:colcon.colcon_core.environment:create_file_with_runtime_dependencies(/mnt/c/Users/ljhay/hw2_angle/install/webots_ros2_homework1_python/share/colcon-core/packages/webots_ros2_homework1_python)
[9.544s] DEBUG:colcon.colcon_parallel_executor.executor.parallel:closing loop
[9.545s] DEBUG:colcon.colcon_parallel_executor.executor.parallel:loop closed
[9.545s] DEBUG:colcon.colcon_parallel_executor.executor.parallel:run_until_complete finished with '0'
[9.546s] DEBUG:colcon.colcon_core.event_reactor:joining thread
[9.600s] INFO:colcon.colcon_core.plugin_system:Skipping extension 'colcon_notification.desktop_notification.notify_send': Could not find 'notify-send'
[9.601s] INFO:colcon.colcon_core.plugin_system:Skipping extension 'colcon_notification.desktop_notification.terminal_notifier': Not used on non-Darwin systems
[9.601s] INFO:colcon.colcon_core.plugin_system:Skipping extension 'colcon_notification.desktop_notification.win32': Not used on non-Windows systems
[9.602s] INFO:colcon.colcon_notification.desktop_notification:Sending desktop notification using 'notify2'
[9.602s] DEBUG:colcon.colcon_notification.desktop_notification.notify2:Failed to initialize notify2: org.freedesktop.DBus.Error.FileNotFound: Failed to connect to socket /run/user/1000/bus: No such file or directory
[9.603s] DEBUG:colcon.colcon_core.event_reactor:joined thread
[9.604s] INFO:colcon.colcon_core.shell:Creating prefix script '/mnt/c/Users/ljhay/hw2_angle/install/local_setup.ps1'
[9.612s] INFO:colcon.colcon_core.shell:Creating prefix util module '/mnt/c/Users/ljhay/hw2_angle/install/_local_setup_util_ps1.py'
[9.619s] INFO:colcon.colcon_core.shell:Creating prefix chain script '/mnt/c/Users/ljhay/hw2_angle/install/setup.ps1'
[9.645s] INFO:colcon.colcon_core.shell:Creating prefix script '/mnt/c/Users/ljhay/hw2_angle/install/local_setup.sh'
[9.652s] INFO:colcon.colcon_core.shell:Creating prefix util module '/mnt/c/Users/ljhay/hw2_angle/install/_local_setup_util_sh.py'
[9.660s] INFO:colcon.colcon_core.shell:Creating prefix chain script '/mnt/c/Users/ljhay/hw2_angle/install/setup.sh'
[9.690s] INFO:colcon.colcon_core.shell:Creating prefix script '/mnt/c/Users/ljhay/hw2_angle/install/local_setup.bash'
[9.698s] INFO:colcon.colcon_core.shell:Creating prefix chain script '/mnt/c/Users/ljhay/hw2_angle/install/setup.bash'
[9.723s] INFO:colcon.colcon_core.shell:Creating prefix script '/mnt/c/Users/ljhay/hw2_angle/install/local_setup.zsh'
[9.729s] INFO:colcon.colcon_core.shell:Creating prefix chain script '/mnt/c/Users/ljhay/hw2_angle/install/setup.zsh'
