[3.516s] Invoking command in '/mnt/c/Users/ljhay/hw2_angle/webots_ros2_homework1_python': PYTHONPATH=/mnt/c/Users/ljhay/hw2_angle/build/webots_ros2_homework1_python/prefix_override:/usr/lib/python3/dist-packages/colcon_core/task/python/colcon_distutils_commands:/mnt/c/Users/ljhay/hw2_angle/install/webots_ros2_homework1_python/lib/python3.10/site-packages:${PYTHONPATH} /usr/bin/python3 -W ignore:setup.py install is deprecated setup.py egg_info --egg-base ../build/webots_ros2_homework1_python build --build-base /mnt/c/Users/ljhay/hw2_angle/build/webots_ros2_homework1_python/build install --record /mnt/c/Users/ljhay/hw2_angle/build/webots_ros2_homework1_python/install.log --single-version-externally-managed install_data
[4.983s] running egg_info
[4.990s] writing ../build/webots_ros2_homework1_python/webots_ros2_homework1_python.egg-info/PKG-INFO
[5.000s] writing dependency_links to ../build/webots_ros2_homework1_python/webots_ros2_homework1_python.egg-info/dependency_links.txt
[5.009s] writing entry points to ../build/webots_ros2_homework1_python/webots_ros2_homework1_python.egg-info/entry_points.txt
[5.016s] writing requirements to ../build/webots_ros2_homework1_python/webots_ros2_homework1_python.egg-info/requires.txt
[5.021s] writing top-level names to ../build/webots_ros2_homework1_python/webots_ros2_homework1_python.egg-info/top_level.txt
[5.077s] reading manifest file '../build/webots_ros2_homework1_python/webots_ros2_homework1_python.egg-info/SOURCES.txt'
[5.167s] writing manifest file '../build/webots_ros2_homework1_python/webots_ros2_homework1_python.egg-info/SOURCES.txt'
[5.171s] running build
[5.173s] running build_py
[5.192s] copying webots_ros2_homework1_python/webots_ros2_homework1_python.py -> /mnt/c/Users/ljhay/hw2_angle/build/webots_ros2_homework1_python/build/lib/webots_ros2_homework1_python
[5.233s] running install
[5.235s] running install_lib
[5.284s] copying /mnt/c/Users/ljhay/hw2_angle/build/webots_ros2_homework1_python/build/lib/webots_ros2_homework1_python/webots_ros2_homework1_python.py -> /mnt/c/Users/ljhay/hw2_angle/install/webots_ros2_homework1_python/lib/python3.10/site-packages/webots_ros2_homework1_python
[5.369s] byte-compiling /mnt/c/Users/ljhay/hw2_angle/install/webots_ros2_homework1_python/lib/python3.10/site-packages/webots_ros2_homework1_python/webots_ros2_homework1_python.py to webots_ros2_homework1_python.cpython-310.pyc
[5.435s] running install_data
[5.537s] running install_egg_info
[5.560s] removing '/mnt/c/Users/ljhay/hw2_angle/install/webots_ros2_homework1_python/lib/python3.10/site-packages/webots_ros2_homework1_python-0.0.0-py3.10.egg-info' (and everything under it)
[5.644s] Copying ../build/webots_ros2_homework1_python/webots_ros2_homework1_python.egg-info to /mnt/c/Users/ljhay/hw2_angle/install/webots_ros2_homework1_python/lib/python3.10/site-packages/webots_ros2_homework1_python-0.0.0-py3.10.egg-info
[5.980s] running install_scripts
[6.108s] Installing webots_ros2_homework1_python script to /mnt/c/Users/ljhay/hw2_angle/install/webots_ros2_homework1_python/lib/webots_ros2_homework1_python
[6.126s] writing list of installed files to '/mnt/c/Users/ljhay/hw2_angle/build/webots_ros2_homework1_python/install.log'
[6.176s] Invoked command in '/mnt/c/Users/ljhay/hw2_angle/webots_ros2_homework1_python' returned '0': PYTHONPATH=/mnt/c/Users/ljhay/hw2_angle/build/webots_ros2_homework1_python/prefix_override:/usr/lib/python3/dist-packages/colcon_core/task/python/colcon_distutils_commands:/mnt/c/Users/ljhay/hw2_angle/install/webots_ros2_homework1_python/lib/python3.10/site-packages:${PYTHONPATH} /usr/bin/python3 -W ignore:setup.py install is deprecated setup.py egg_info --egg-base ../build/webots_ros2_homework1_python build --build-base /mnt/c/Users/ljhay/hw2_angle/build/webots_ros2_homework1_python/build install --record /mnt/c/Users/ljhay/hw2_angle/build/webots_ros2_homework1_python/install.log --single-version-externally-managed install_data
