[2.065s] Invoking command in '/mnt/c/Users/ljhay/f24_robotics/webots_ros2_homework1_python': PYTHONPATH=/mnt/c/Users/ljhay/f24_robotics/build/webots_ros2_homework1_python/prefix_override:/usr/lib/python3/dist-packages/colcon_core/task/python/colcon_distutils_commands:/mnt/c/Users/ljhay/f24_robotics/install/webots_ros2_homework1_python/lib/python3.10/site-packages:${PYTHONPATH} /usr/bin/python3 -W ignore:setup.py install is deprecated setup.py egg_info --egg-base ../build/webots_ros2_homework1_python build --build-base /mnt/c/Users/ljhay/f24_robotics/build/webots_ros2_homework1_python/build install --record /mnt/c/Users/ljhay/f24_robotics/build/webots_ros2_homework1_python/install.log --single-version-externally-managed install_data
[2.941s] running egg_info
[2.948s] writing ../build/webots_ros2_homework1_python/webots_ros2_homework1_python.egg-info/PKG-INFO
[2.957s] writing dependency_links to ../build/webots_ros2_homework1_python/webots_ros2_homework1_python.egg-info/dependency_links.txt
[2.964s] writing entry points to ../build/webots_ros2_homework1_python/webots_ros2_homework1_python.egg-info/entry_points.txt
[2.971s] writing requirements to ../build/webots_ros2_homework1_python/webots_ros2_homework1_python.egg-info/requires.txt
[2.975s] writing top-level names to ../build/webots_ros2_homework1_python/webots_ros2_homework1_python.egg-info/top_level.txt
[3.029s] reading manifest file '../build/webots_ros2_homework1_python/webots_ros2_homework1_python.egg-info/SOURCES.txt'
[3.114s] writing manifest file '../build/webots_ros2_homework1_python/webots_ros2_homework1_python.egg-info/SOURCES.txt'
[3.118s] running build
[3.120s] running build_py
[3.160s] running install
[3.161s] running install_lib
[3.281s] running install_data
[3.331s] copying worlds/f23_robotics_1.wbt -> /mnt/c/Users/ljhay/f24_robotics/install/webots_ros2_homework1_python/share/webots_ros2_homework1_python/worlds
[3.402s] running install_egg_info
[3.415s] removing '/mnt/c/Users/ljhay/f24_robotics/install/webots_ros2_homework1_python/lib/python3.10/site-packages/webots_ros2_homework1_python-0.0.0-py3.10.egg-info' (and everything under it)
[3.482s] Copying ../build/webots_ros2_homework1_python/webots_ros2_homework1_python.egg-info to /mnt/c/Users/ljhay/f24_robotics/install/webots_ros2_homework1_python/lib/python3.10/site-packages/webots_ros2_homework1_python-0.0.0-py3.10.egg-info
[3.748s] running install_scripts
[3.811s] Installing webots_ros2_homework1_python script to /mnt/c/Users/ljhay/f24_robotics/install/webots_ros2_homework1_python/lib/webots_ros2_homework1_python
[3.825s] writing list of installed files to '/mnt/c/Users/ljhay/f24_robotics/build/webots_ros2_homework1_python/install.log'
[3.864s] Invoked command in '/mnt/c/Users/ljhay/f24_robotics/webots_ros2_homework1_python' returned '0': PYTHONPATH=/mnt/c/Users/ljhay/f24_robotics/build/webots_ros2_homework1_python/prefix_override:/usr/lib/python3/dist-packages/colcon_core/task/python/colcon_distutils_commands:/mnt/c/Users/ljhay/f24_robotics/install/webots_ros2_homework1_python/lib/python3.10/site-packages:${PYTHONPATH} /usr/bin/python3 -W ignore:setup.py install is deprecated setup.py egg_info --egg-base ../build/webots_ros2_homework1_python build --build-base /mnt/c/Users/ljhay/f24_robotics/build/webots_ros2_homework1_python/build install --record /mnt/c/Users/ljhay/f24_robotics/build/webots_ros2_homework1_python/install.log --single-version-externally-managed install_data
