[0.644s] DEBUG:colcon:Command line arguments: ['/usr/bin/colcon', 'build']
[0.644s] DEBUG:colcon:Parsed command line arguments: Namespace(log_base=None, log_level=None, verb_name='build', build_base='build', install_base='install', merge_install=False, symlink_install=False, test_result_base=None, continue_on_error=False, executor='parallel', parallel_workers=8, event_handlers=None, ignore_user_meta=False, metas=['./colcon.meta'], base_paths=['.'], packages_ignore=None, packages_ignore_regex=None, paths=None, packages_up_to=None, packages_up_to_regex=None, packages_above=None, packages_above_and_dependencies=None, packages_above_depth=None, packages_select_by_dep=None, packages_skip_by_dep=None, packages_skip_up_to=None, packages_select_build_failed=False, packages_skip_build_finished=False, packages_select_test_failures=False, packages_skip_test_passed=False, packages_select=None, packages_skip=None, packages_select_regex=None, packages_skip_regex=None, packages_start=None, packages_end=None, allow_overriding=[], cmake_args=None, cmake_target=None, cmake_target_skip_unavailable=False, cmake_clean_cache=False, cmake_clean_first=False, cmake_force_configure=False, ament_cmake_args=None, catkin_cmake_args=None, catkin_skip_building_tests=False, mixin_files=None, mixin=None, verb_parser=<colcon_mixin.mixin.mixin_argument.MixinArgumentDecorator object at 0x7f6789b26080>, verb_extension=<colcon_core.verb.build.BuildVerb object at 0x7f6789caa7d0>, main=<bound method BuildVerb.main of <colcon_core.verb.build.BuildVerb object at 0x7f6789caa7d0>>, mixin_verb=('build',))
[1.096s] Level 1:colcon.colcon_core.package_discovery:discover_packages(colcon_meta) check parameters
[1.097s] Level 1:colcon.colcon_core.package_discovery:discover_packages(recursive) check parameters
[1.097s] Level 1:colcon.colcon_core.package_discovery:discover_packages(ignore) check parameters
[1.097s] Level 1:colcon.colcon_core.package_discovery:discover_packages(path) check parameters
[1.097s] Level 1:colcon.colcon_core.package_discovery:discover_packages(colcon_meta) discover
[1.098s] Level 1:colcon.colcon_core.package_discovery:discover_packages(recursive) discover
[1.098s] INFO:colcon.colcon_core.package_discovery:Crawling recursively for packages in '/mnt/c/Users/ljhay/hw2_angle'
[1.100s] Level 1:colcon.colcon_core.package_identification:_identify(.) by extensions ['ignore', 'ignore_ament_install']
[1.101s] Level 1:colcon.colcon_core.package_identification:_identify(.) by extension 'ignore'
[1.101s] Level 1:colcon.colcon_core.package_identification:_identify(.) by extension 'ignore_ament_install'
[1.102s] Level 1:colcon.colcon_core.package_identification:_identify(.) by extensions ['colcon_pkg']
[1.102s] Level 1:colcon.colcon_core.package_identification:_identify(.) by extension 'colcon_pkg'
[1.103s] Level 1:colcon.colcon_core.package_identification:_identify(.) by extensions ['colcon_meta']
[1.103s] Level 1:colcon.colcon_core.package_identification:_identify(.) by extension 'colcon_meta'
[1.104s] Level 1:colcon.colcon_core.package_identification:_identify(.) by extensions ['ros']
[1.104s] Level 1:colcon.colcon_core.package_identification:_identify(.) by extension 'ros'
[1.128s] Level 1:colcon.colcon_core.package_identification:_identify(.) by extensions ['cmake', 'python']
[1.128s] Level 1:colcon.colcon_core.package_identification:_identify(.) by extension 'cmake'
[1.129s] Level 1:colcon.colcon_core.package_identification:_identify(.) by extension 'python'
[1.130s] Level 1:colcon.colcon_core.package_identification:_identify(.) by extensions ['python_setup_py']
[1.130s] Level 1:colcon.colcon_core.package_identification:_identify(.) by extension 'python_setup_py'
[1.134s] Level 1:colcon.colcon_core.package_identification:_identify(Resources) by extensions ['ignore', 'ignore_ament_install']
[1.134s] Level 1:colcon.colcon_core.package_identification:_identify(Resources) by extension 'ignore'
[1.136s] Level 1:colcon.colcon_core.package_identification:_identify(Resources) by extension 'ignore_ament_install'
[1.138s] Level 1:colcon.colcon_core.package_identification:_identify(Resources) by extensions ['colcon_pkg']
[1.138s] Level 1:colcon.colcon_core.package_identification:_identify(Resources) by extension 'colcon_pkg'
[1.140s] Level 1:colcon.colcon_core.package_identification:_identify(Resources) by extensions ['colcon_meta']
[1.140s] Level 1:colcon.colcon_core.package_identification:_identify(Resources) by extension 'colcon_meta'
[1.141s] Level 1:colcon.colcon_core.package_identification:_identify(Resources) by extensions ['ros']
[1.142s] Level 1:colcon.colcon_core.package_identification:_identify(Resources) by extension 'ros'
[1.146s] Level 1:colcon.colcon_core.package_identification:_identify(Resources) by extensions ['cmake', 'python']
[1.147s] Level 1:colcon.colcon_core.package_identification:_identify(Resources) by extension 'cmake'
[1.148s] Level 1:colcon.colcon_core.package_identification:_identify(Resources) by extension 'python'
[1.149s] Level 1:colcon.colcon_core.package_identification:_identify(Resources) by extensions ['python_setup_py']
[1.150s] Level 1:colcon.colcon_core.package_identification:_identify(Resources) by extension 'python_setup_py'
[1.154s] Level 1:colcon.colcon_core.package_identification:_identify(build) by extensions ['ignore', 'ignore_ament_install']
[1.154s] Level 1:colcon.colcon_core.package_identification:_identify(build) by extension 'ignore'
[1.156s] Level 1:colcon.colcon_core.package_identification:_identify(build) ignored
[1.160s] Level 1:colcon.colcon_core.package_identification:_identify(install) by extensions ['ignore', 'ignore_ament_install']
[1.161s] Level 1:colcon.colcon_core.package_identification:_identify(install) by extension 'ignore'
[1.162s] Level 1:colcon.colcon_core.package_identification:_identify(install) ignored
[1.170s] Level 1:colcon.colcon_core.package_identification:_identify(log) by extensions ['ignore', 'ignore_ament_install']
[1.170s] Level 1:colcon.colcon_core.package_identification:_identify(log) by extension 'ignore'
[1.171s] Level 1:colcon.colcon_core.package_identification:_identify(log) ignored
[1.175s] Level 1:colcon.colcon_core.package_identification:_identify(webots_ros2_homework1_python) by extensions ['ignore', 'ignore_ament_install']
[1.175s] Level 1:colcon.colcon_core.package_identification:_identify(webots_ros2_homework1_python) by extension 'ignore'
[1.176s] Level 1:colcon.colcon_core.package_identification:_identify(webots_ros2_homework1_python) by extension 'ignore_ament_install'
[1.178s] Level 1:colcon.colcon_core.package_identification:_identify(webots_ros2_homework1_python) by extensions ['colcon_pkg']
[1.179s] Level 1:colcon.colcon_core.package_identification:_identify(webots_ros2_homework1_python) by extension 'colcon_pkg'
[1.180s] Level 1:colcon.colcon_core.package_identification:_identify(webots_ros2_homework1_python) by extensions ['colcon_meta']
[1.180s] Level 1:colcon.colcon_core.package_identification:_identify(webots_ros2_homework1_python) by extension 'colcon_meta'
[1.182s] Level 1:colcon.colcon_core.package_identification:_identify(webots_ros2_homework1_python) by extensions ['ros']
[1.182s] Level 1:colcon.colcon_core.package_identification:_identify(webots_ros2_homework1_python) by extension 'ros'
[1.198s] DEBUG:colcon.colcon_core.package_identification:Package 'webots_ros2_homework1_python' with type 'ros.ament_python' and name 'webots_ros2_homework1_python'
[1.198s] Level 1:colcon.colcon_core.package_discovery:discover_packages(recursive) using defaults
[1.199s] Level 1:colcon.colcon_core.package_discovery:discover_packages(ignore) discover
[1.200s] Level 1:colcon.colcon_core.package_discovery:discover_packages(ignore) using defaults
[1.200s] Level 1:colcon.colcon_core.package_discovery:discover_packages(path) discover
[1.200s] Level 1:colcon.colcon_core.package_discovery:discover_packages(path) using defaults
[1.325s] Level 1:colcon.colcon_core.package_discovery:discover_packages(prefix_path) check parameters
[1.325s] Level 1:colcon.colcon_core.package_discovery:discover_packages(prefix_path) discover
[1.386s] DEBUG:colcon.colcon_installed_package_information.package_discovery:Found 1 installed packages in /mnt/c/Users/ljhay/hw2_angle/install
[1.435s] DEBUG:colcon.colcon_installed_package_information.package_discovery:Found 1 installed packages in /mnt/c/Users/ljhay/f24_robotics/install
[1.445s] DEBUG:colcon.colcon_installed_package_information.package_discovery:Found 301 installed packages in /opt/ros/humble
[1.446s] Level 1:colcon.colcon_core.package_discovery:discover_packages(prefix_path) using defaults
[1.546s] Level 5:colcon.colcon_core.verb:set package 'webots_ros2_homework1_python' build argument 'cmake_args' from command line to 'None'
[1.546s] Level 5:colcon.colcon_core.verb:set package 'webots_ros2_homework1_python' build argument 'cmake_target' from command line to 'None'
[1.546s] Level 5:colcon.colcon_core.verb:set package 'webots_ros2_homework1_python' build argument 'cmake_target_skip_unavailable' from command line to 'False'
[1.547s] Level 5:colcon.colcon_core.verb:set package 'webots_ros2_homework1_python' build argument 'cmake_clean_cache' from command line to 'False'
[1.547s] Level 5:colcon.colcon_core.verb:set package 'webots_ros2_homework1_python' build argument 'cmake_clean_first' from command line to 'False'
[1.548s] Level 5:colcon.colcon_core.verb:set package 'webots_ros2_homework1_python' build argument 'cmake_force_configure' from command line to 'False'
[1.548s] Level 5:colcon.colcon_core.verb:set package 'webots_ros2_homework1_python' build argument 'ament_cmake_args' from command line to 'None'
[1.549s] Level 5:colcon.colcon_core.verb:set package 'webots_ros2_homework1_python' build argument 'catkin_cmake_args' from command line to 'None'
[1.549s] Level 5:colcon.colcon_core.verb:set package 'webots_ros2_homework1_python' build argument 'catkin_skip_building_tests' from command line to 'False'
[1.549s] DEBUG:colcon.colcon_core.verb:Building package 'webots_ros2_homework1_python' with the following arguments: {'ament_cmake_args': None, 'build_base': '/mnt/c/Users/ljhay/hw2_angle/build/webots_ros2_homework1_python', 'catkin_cmake_args': None, 'catkin_skip_building_tests': False, 'cmake_args': None, 'cmake_clean_cache': False, 'cmake_clean_first': False, 'cmake_force_configure': False, 'cmake_target': None, 'cmake_target_skip_unavailable': False, 'install_base': '/mnt/c/Users/ljhay/hw2_angle/install/webots_ros2_homework1_python', 'merge_install': False, 'path': '/mnt/c/Users/ljhay/hw2_angle/webots_ros2_homework1_python', 'symlink_install': False, 'test_result_base': None}
[1.550s] INFO:colcon.colcon_core.executor:Executing jobs using 'parallel' executor
[1.551s] DEBUG:colcon.colcon_parallel_executor.executor.parallel:run_until_complete
[1.552s] INFO:colcon.colcon_ros.task.ament_python.build:Building ROS package in '/mnt/c/Users/ljhay/hw2_angle/webots_ros2_homework1_python' with build type 'ament_python'
[1.553s] Level 1:colcon.colcon_core.shell:create_environment_hook('webots_ros2_homework1_python', 'ament_prefix_path')
[1.571s] INFO:colcon.colcon_core.plugin_system:Skipping extension 'colcon_core.shell.bat': Not used on non-Windows systems
[1.571s] INFO:colcon.colcon_core.shell:Creating environment hook '/mnt/c/Users/ljhay/hw2_angle/install/webots_ros2_homework1_python/share/webots_ros2_homework1_python/hook/ament_prefix_path.ps1'
[1.591s] INFO:colcon.colcon_core.shell:Creating environment descriptor '/mnt/c/Users/ljhay/hw2_angle/install/webots_ros2_homework1_python/share/webots_ros2_homework1_python/hook/ament_prefix_path.dsv'
[1.617s] INFO:colcon.colcon_core.shell:Creating environment hook '/mnt/c/Users/ljhay/hw2_angle/install/webots_ros2_homework1_python/share/webots_ros2_homework1_python/hook/ament_prefix_path.sh'
[1.639s] INFO:colcon.colcon_core.shell:Skip shell extension 'powershell' for command environment: Not usable outside of PowerShell
[1.640s] DEBUG:colcon.colcon_core.shell:Skip shell extension 'dsv' for command environment
[3.194s] INFO:colcon.colcon_core.task.python.build:Building Python package in '/mnt/c/Users/ljhay/hw2_angle/webots_ros2_homework1_python'
[3.195s] INFO:colcon.colcon_core.shell:Skip shell extension 'powershell' for command environment: Not usable outside of PowerShell
[3.195s] DEBUG:colcon.colcon_core.shell:Skip shell extension 'dsv' for command environment
[5.673s] DEBUG:colcon.colcon_core.event_handler.log_command:Invoking command in '/mnt/c/Users/ljhay/hw2_angle/webots_ros2_homework1_python': PYTHONPATH=/mnt/c/Users/ljhay/hw2_angle/build/webots_ros2_homework1_python/prefix_override:/usr/lib/python3/dist-packages/colcon_core/task/python/colcon_distutils_commands:/mnt/c/Users/ljhay/hw2_angle/install/webots_ros2_homework1_python/lib/python3.10/site-packages:${PYTHONPATH} /usr/bin/python3 -W ignore:setup.py install is deprecated setup.py egg_info --egg-base ../build/webots_ros2_homework1_python build --build-base /mnt/c/Users/ljhay/hw2_angle/build/webots_ros2_homework1_python/build install --record /mnt/c/Users/ljhay/hw2_angle/build/webots_ros2_homework1_python/install.log --single-version-externally-managed install_data
[8.724s] DEBUG:colcon.colcon_core.event_handler.log_command:Invoked command in '/mnt/c/Users/ljhay/hw2_angle/webots_ros2_homework1_python' returned '0': PYTHONPATH=/mnt/c/Users/ljhay/hw2_angle/build/webots_ros2_homework1_python/prefix_override:/usr/lib/python3/dist-packages/colcon_core/task/python/colcon_distutils_commands:/mnt/c/Users/ljhay/hw2_angle/install/webots_ros2_homework1_python/lib/python3.10/site-packages:${PYTHONPATH} /usr/bin/python3 -W ignore:setup.py install is deprecated setup.py egg_info --egg-base ../build/webots_ros2_homework1_python build --build-base /mnt/c/Users/ljhay/hw2_angle/build/webots_ros2_homework1_python/build install --record /mnt/c/Users/ljhay/hw2_angle/build/webots_ros2_homework1_python/install.log --single-version-externally-managed install_data
[8.746s] Level 1:colcon.colcon_core.environment:checking '/mnt/c/Users/ljhay/hw2_angle/install/webots_ros2_homework1_python' for CMake module files
[8.832s] Level 1:colcon.colcon_core.environment:checking '/mnt/c/Users/ljhay/hw2_angle/install/webots_ros2_homework1_python' for CMake config files
[9.009s] Level 1:colcon.colcon_core.environment:checking '/mnt/c/Users/ljhay/hw2_angle/install/webots_ros2_homework1_python/lib'
[9.016s] Level 1:colcon.colcon_core.environment:checking '/mnt/c/Users/ljhay/hw2_angle/install/webots_ros2_homework1_python/bin'
[9.018s] Level 1:colcon.colcon_core.environment:checking '/mnt/c/Users/ljhay/hw2_angle/install/webots_ros2_homework1_python/lib/pkgconfig/webots_ros2_homework1_python.pc'
[9.021s] Level 1:colcon.colcon_core.environment:checking '/mnt/c/Users/ljhay/hw2_angle/install/webots_ros2_homework1_python/lib/python3.10/site-packages'
[9.025s] Level 1:colcon.colcon_core.shell:create_environment_hook('webots_ros2_homework1_python', 'pythonpath')
[9.026s] INFO:colcon.colcon_core.shell:Creating environment hook '/mnt/c/Users/ljhay/hw2_angle/install/webots_ros2_homework1_python/share/webots_ros2_homework1_python/hook/pythonpath.ps1'
[9.047s] INFO:colcon.colcon_core.shell:Creating environment descriptor '/mnt/c/Users/ljhay/hw2_angle/install/webots_ros2_homework1_python/share/webots_ros2_homework1_python/hook/pythonpath.dsv'
[9.069s] INFO:colcon.colcon_core.shell:Creating environment hook '/mnt/c/Users/ljhay/hw2_angle/install/webots_ros2_homework1_python/share/webots_ros2_homework1_python/hook/pythonpath.sh'
[9.092s] Level 1:colcon.colcon_core.environment:checking '/mnt/c/Users/ljhay/hw2_angle/install/webots_ros2_homework1_python/bin'
[9.094s] Level 1:colcon.colcon_core.environment:create_environment_scripts_only(webots_ros2_homework1_python)
[9.095s] INFO:colcon.colcon_core.shell:Creating package script '/mnt/c/Users/ljhay/hw2_angle/install/webots_ros2_homework1_python/share/webots_ros2_homework1_python/package.ps1'
[9.117s] INFO:colcon.colcon_core.shell:Creating package descriptor '/mnt/c/Users/ljhay/hw2_angle/install/webots_ros2_homework1_python/share/webots_ros2_homework1_python/package.dsv'
[9.137s] INFO:colcon.colcon_core.shell:Creating package script '/mnt/c/Users/ljhay/hw2_angle/install/webots_ros2_homework1_python/share/webots_ros2_homework1_python/package.sh'
[9.156s] INFO:colcon.colcon_core.shell:Creating package script '/mnt/c/Users/ljhay/hw2_angle/install/webots_ros2_homework1_python/share/webots_ros2_homework1_python/package.bash'
[9.175s] INFO:colcon.colcon_core.shell:Creating package script '/mnt/c/Users/ljhay/hw2_angle/install/webots_ros2_homework1_python/share/webots_ros2_homework1_python/package.zsh'
[9.196s] Level 1:colcon.colcon_core.environment:create_file_with_runtime_dependencies(/mnt/c/Users/ljhay/hw2_angle/install/webots_ros2_homework1_python/share/colcon-core/packages/webots_ros2_homework1_python)
[9.210s] DEBUG:colcon.colcon_parallel_executor.executor.parallel:closing loop
[9.211s] DEBUG:colcon.colcon_parallel_executor.executor.parallel:loop closed
[9.212s] DEBUG:colcon.colcon_parallel_executor.executor.parallel:run_until_complete finished with '0'
[9.212s] DEBUG:colcon.colcon_core.event_reactor:joining thread
[9.271s] INFO:colcon.colcon_core.plugin_system:Skipping extension 'colcon_notification.desktop_notification.notify_send': Could not find 'notify-send'
[9.271s] INFO:colcon.colcon_core.plugin_system:Skipping extension 'colcon_notification.desktop_notification.terminal_notifier': Not used on non-Darwin systems
[9.271s] INFO:colcon.colcon_core.plugin_system:Skipping extension 'colcon_notification.desktop_notification.win32': Not used on non-Windows systems
[9.272s] INFO:colcon.colcon_notification.desktop_notification:Sending desktop notification using 'notify2'
[9.272s] DEBUG:colcon.colcon_notification.desktop_notification.notify2:Failed to initialize notify2: org.freedesktop.DBus.Error.FileNotFound: Failed to connect to socket /run/user/1000/bus: No such file or directory
[9.273s] DEBUG:colcon.colcon_core.event_reactor:joined thread
[9.273s] INFO:colcon.colcon_core.shell:Creating prefix script '/mnt/c/Users/ljhay/hw2_angle/install/local_setup.ps1'
[9.283s] INFO:colcon.colcon_core.shell:Creating prefix util module '/mnt/c/Users/ljhay/hw2_angle/install/_local_setup_util_ps1.py'
[9.294s] INFO:colcon.colcon_core.shell:Creating prefix chain script '/mnt/c/Users/ljhay/hw2_angle/install/setup.ps1'
[9.331s] INFO:colcon.colcon_core.shell:Creating prefix script '/mnt/c/Users/ljhay/hw2_angle/install/local_setup.sh'
[9.341s] INFO:colcon.colcon_core.shell:Creating prefix util module '/mnt/c/Users/ljhay/hw2_angle/install/_local_setup_util_sh.py'
[9.350s] INFO:colcon.colcon_core.shell:Creating prefix chain script '/mnt/c/Users/ljhay/hw2_angle/install/setup.sh'
[9.383s] INFO:colcon.colcon_core.shell:Creating prefix script '/mnt/c/Users/ljhay/hw2_angle/install/local_setup.bash'
[9.391s] INFO:colcon.colcon_core.shell:Creating prefix chain script '/mnt/c/Users/ljhay/hw2_angle/install/setup.bash'
[9.425s] INFO:colcon.colcon_core.shell:Creating prefix script '/mnt/c/Users/ljhay/hw2_angle/install/local_setup.zsh'
[9.433s] INFO:colcon.colcon_core.shell:Creating prefix chain script '/mnt/c/Users/ljhay/hw2_angle/install/setup.zsh'
