[2.679s] Invoking command in '/mnt/c/Users/ljhay/f24_robotics/webots_ros2_homework1_python': PYTHONPATH=/mnt/c/Users/ljhay/f24_robotics/build/webots_ros2_homework1_python/prefix_override:/usr/lib/python3/dist-packages/colcon_core/task/python/colcon_distutils_commands:/mnt/c/Users/ljhay/f24_robotics/install/webots_ros2_homework1_python/lib/python3.10/site-packages:${PYTHONPATH} /usr/bin/python3 -W ignore:setup.py install is deprecated setup.py egg_info --egg-base ../build/webots_ros2_homework1_python build --build-base /mnt/c/Users/ljhay/f24_robotics/build/webots_ros2_homework1_python/build install --record /mnt/c/Users/ljhay/f24_robotics/build/webots_ros2_homework1_python/install.log --single-version-externally-managed install_data
[3.738s] running egg_info
[3.748s] writing ../build/webots_ros2_homework1_python/webots_ros2_homework1_python.egg-info/PKG-INFO
[3.758s] writing dependency_links to ../build/webots_ros2_homework1_python/webots_ros2_homework1_python.egg-info/dependency_links.txt
[3.769s] writing entry points to ../build/webots_ros2_homework1_python/webots_ros2_homework1_python.egg-info/entry_points.txt
[3.776s] writing requirements to ../build/webots_ros2_homework1_python/webots_ros2_homework1_python.egg-info/requires.txt
[3.781s] writing top-level names to ../build/webots_ros2_homework1_python/webots_ros2_homework1_python.egg-info/top_level.txt
[3.847s] reading manifest file '../build/webots_ros2_homework1_python/webots_ros2_homework1_python.egg-info/SOURCES.txt'
[3.944s] writing manifest file '../build/webots_ros2_homework1_python/webots_ros2_homework1_python.egg-info/SOURCES.txt'
[3.948s] running build
[3.950s] running build_py
[3.968s] copying webots_ros2_homework1_python/webots_ros2_homework1_python.py -> /mnt/c/Users/ljhay/f24_robotics/build/webots_ros2_homework1_python/build/lib/webots_ros2_homework1_python
[4.024s] running install
[4.026s] running install_lib
[4.090s] copying /mnt/c/Users/ljhay/f24_robotics/build/webots_ros2_homework1_python/build/lib/webots_ros2_homework1_python/webots_ros2_homework1_python.py -> /mnt/c/Users/ljhay/f24_robotics/install/webots_ros2_homework1_python/lib/python3.10/site-packages/webots_ros2_homework1_python
[4.193s] byte-compiling /mnt/c/Users/ljhay/f24_robotics/install/webots_ros2_homework1_python/lib/python3.10/site-packages/webots_ros2_homework1_python/webots_ros2_homework1_python.py to webots_ros2_homework1_python.cpython-310.pyc
[4.277s] running install_data
[4.392s] running install_egg_info
[4.412s] removing '/mnt/c/Users/ljhay/f24_robotics/install/webots_ros2_homework1_python/lib/python3.10/site-packages/webots_ros2_homework1_python-0.0.0-py3.10.egg-info' (and everything under it)
[4.496s] Copying ../build/webots_ros2_homework1_python/webots_ros2_homework1_python.egg-info to /mnt/c/Users/ljhay/f24_robotics/install/webots_ros2_homework1_python/lib/python3.10/site-packages/webots_ros2_homework1_python-0.0.0-py3.10.egg-info
[4.813s] running install_scripts
[4.915s] Installing webots_ros2_homework1_python script to /mnt/c/Users/ljhay/f24_robotics/install/webots_ros2_homework1_python/lib/webots_ros2_homework1_python
[4.937s] writing list of installed files to '/mnt/c/Users/ljhay/f24_robotics/build/webots_ros2_homework1_python/install.log'
[4.997s] Invoked command in '/mnt/c/Users/ljhay/f24_robotics/webots_ros2_homework1_python' returned '0': PYTHONPATH=/mnt/c/Users/ljhay/f24_robotics/build/webots_ros2_homework1_python/prefix_override:/usr/lib/python3/dist-packages/colcon_core/task/python/colcon_distutils_commands:/mnt/c/Users/ljhay/f24_robotics/install/webots_ros2_homework1_python/lib/python3.10/site-packages:${PYTHONPATH} /usr/bin/python3 -W ignore:setup.py install is deprecated setup.py egg_info --egg-base ../build/webots_ros2_homework1_python build --build-base /mnt/c/Users/ljhay/f24_robotics/build/webots_ros2_homework1_python/build install --record /mnt/c/Users/ljhay/f24_robotics/build/webots_ros2_homework1_python/install.log --single-version-externally-managed install_data
