[3.455s] Invoking command in '/mnt/c/Users/ljhay/hw2_angle/webots_ros2_homework1_python': PYTHONPATH=/mnt/c/Users/ljhay/hw2_angle/build/webots_ros2_homework1_python/prefix_override:/usr/lib/python3/dist-packages/colcon_core/task/python/colcon_distutils_commands:/mnt/c/Users/ljhay/hw2_angle/install/webots_ros2_homework1_python/lib/python3.10/site-packages:${PYTHONPATH} /usr/bin/python3 -W ignore:setup.py install is deprecated setup.py egg_info --egg-base ../build/webots_ros2_homework1_python build --build-base /mnt/c/Users/ljhay/hw2_angle/build/webots_ros2_homework1_python/build install --record /mnt/c/Users/ljhay/hw2_angle/build/webots_ros2_homework1_python/install.log --single-version-externally-managed install_data
[4.960s] running egg_info
[4.970s] writing ../build/webots_ros2_homework1_python/webots_ros2_homework1_python.egg-info/PKG-INFO
[4.979s] writing dependency_links to ../build/webots_ros2_homework1_python/webots_ros2_homework1_python.egg-info/dependency_links.txt
[4.987s] writing entry points to ../build/webots_ros2_homework1_python/webots_ros2_homework1_python.egg-info/entry_points.txt
[4.994s] writing requirements to ../build/webots_ros2_homework1_python/webots_ros2_homework1_python.egg-info/requires.txt
[4.999s] writing top-level names to ../build/webots_ros2_homework1_python/webots_ros2_homework1_python.egg-info/top_level.txt
[5.054s] reading manifest file '../build/webots_ros2_homework1_python/webots_ros2_homework1_python.egg-info/SOURCES.txt'
[5.150s] writing manifest file '../build/webots_ros2_homework1_python/webots_ros2_homework1_python.egg-info/SOURCES.txt'
[5.154s] running build
[5.156s] running build_py
[5.175s] copying webots_ros2_homework1_python/webots_ros2_homework1_python.py -> /mnt/c/Users/ljhay/hw2_angle/build/webots_ros2_homework1_python/build/lib/webots_ros2_homework1_python
[5.212s] running install
[5.213s] running install_lib
[5.263s] copying /mnt/c/Users/ljhay/hw2_angle/build/webots_ros2_homework1_python/build/lib/webots_ros2_homework1_python/webots_ros2_homework1_python.py -> /mnt/c/Users/ljhay/hw2_angle/install/webots_ros2_homework1_python/lib/python3.10/site-packages/webots_ros2_homework1_python
[5.342s] byte-compiling /mnt/c/Users/ljhay/hw2_angle/install/webots_ros2_homework1_python/lib/python3.10/site-packages/webots_ros2_homework1_python/webots_ros2_homework1_python.py to webots_ros2_homework1_python.cpython-310.pyc
[5.413s] running install_data
[5.524s] running install_egg_info
[5.546s] removing '/mnt/c/Users/ljhay/hw2_angle/install/webots_ros2_homework1_python/lib/python3.10/site-packages/webots_ros2_homework1_python-0.0.0-py3.10.egg-info' (and everything under it)
[5.638s] Copying ../build/webots_ros2_homework1_python/webots_ros2_homework1_python.egg-info to /mnt/c/Users/ljhay/hw2_angle/install/webots_ros2_homework1_python/lib/python3.10/site-packages/webots_ros2_homework1_python-0.0.0-py3.10.egg-info
[5.980s] running install_scripts
[6.123s] Installing webots_ros2_homework1_python script to /mnt/c/Users/ljhay/hw2_angle/install/webots_ros2_homework1_python/lib/webots_ros2_homework1_python
[6.146s] writing list of installed files to '/mnt/c/Users/ljhay/hw2_angle/build/webots_ros2_homework1_python/install.log'
[6.205s] Invoked command in '/mnt/c/Users/ljhay/hw2_angle/webots_ros2_homework1_python' returned '0': PYTHONPATH=/mnt/c/Users/ljhay/hw2_angle/build/webots_ros2_homework1_python/prefix_override:/usr/lib/python3/dist-packages/colcon_core/task/python/colcon_distutils_commands:/mnt/c/Users/ljhay/hw2_angle/install/webots_ros2_homework1_python/lib/python3.10/site-packages:${PYTHONPATH} /usr/bin/python3 -W ignore:setup.py install is deprecated setup.py egg_info --egg-base ../build/webots_ros2_homework1_python build --build-base /mnt/c/Users/ljhay/hw2_angle/build/webots_ros2_homework1_python/build install --record /mnt/c/Users/ljhay/hw2_angle/build/webots_ros2_homework1_python/install.log --single-version-externally-managed install_data
