[2.177s] Invoking command in '/mnt/c/Users/ljhay/f24_robotics/webots_ros2_homework1_python': PYTHONPATH=/mnt/c/Users/ljhay/f24_robotics/build/webots_ros2_homework1_python/prefix_override:/usr/lib/python3/dist-packages/colcon_core/task/python/colcon_distutils_commands:/mnt/c/Users/ljhay/f24_robotics/install/webots_ros2_homework1_python/lib/python3.10/site-packages:${PYTHONPATH} /usr/bin/python3 -W ignore:setup.py install is deprecated setup.py egg_info --egg-base ../build/webots_ros2_homework1_python build --build-base /mnt/c/Users/ljhay/f24_robotics/build/webots_ros2_homework1_python/build install --record /mnt/c/Users/ljhay/f24_robotics/build/webots_ros2_homework1_python/install.log --single-version-externally-managed install_data
[3.072s] running egg_info
[3.080s] writing ../build/webots_ros2_homework1_python/webots_ros2_homework1_python.egg-info/PKG-INFO
[3.089s] writing dependency_links to ../build/webots_ros2_homework1_python/webots_ros2_homework1_python.egg-info/dependency_links.txt
[3.097s] writing entry points to ../build/webots_ros2_homework1_python/webots_ros2_homework1_python.egg-info/entry_points.txt
[3.104s] writing requirements to ../build/webots_ros2_homework1_python/webots_ros2_homework1_python.egg-info/requires.txt
[3.109s] writing top-level names to ../build/webots_ros2_homework1_python/webots_ros2_homework1_python.egg-info/top_level.txt
[3.166s] reading manifest file '../build/webots_ros2_homework1_python/webots_ros2_homework1_python.egg-info/SOURCES.txt'
[3.252s] writing manifest file '../build/webots_ros2_homework1_python/webots_ros2_homework1_python.egg-info/SOURCES.txt'
[3.256s] running build
[3.257s] running build_py
[3.274s] copying webots_ros2_homework1_python/webots_ros2_homework1_python.py -> /mnt/c/Users/ljhay/f24_robotics/build/webots_ros2_homework1_python/build/lib/webots_ros2_homework1_python
[3.310s] running install
[3.311s] running install_lib
[3.356s] copying /mnt/c/Users/ljhay/f24_robotics/build/webots_ros2_homework1_python/build/lib/webots_ros2_homework1_python/webots_ros2_homework1_python.py -> /mnt/c/Users/ljhay/f24_robotics/install/webots_ros2_homework1_python/lib/python3.10/site-packages/webots_ros2_homework1_python
[3.449s] byte-compiling /mnt/c/Users/ljhay/f24_robotics/install/webots_ros2_homework1_python/lib/python3.10/site-packages/webots_ros2_homework1_python/webots_ros2_homework1_python.py to webots_ros2_homework1_python.cpython-310.pyc
[3.527s] running install_data
[3.632s] running install_egg_info
[3.645s] removing '/mnt/c/Users/ljhay/f24_robotics/install/webots_ros2_homework1_python/lib/python3.10/site-packages/webots_ros2_homework1_python-0.0.0-py3.10.egg-info' (and everything under it)
[3.714s] Copying ../build/webots_ros2_homework1_python/webots_ros2_homework1_python.egg-info to /mnt/c/Users/ljhay/f24_robotics/install/webots_ros2_homework1_python/lib/python3.10/site-packages/webots_ros2_homework1_python-0.0.0-py3.10.egg-info
[4.013s] running install_scripts
[4.113s] Installing webots_ros2_homework1_python script to /mnt/c/Users/ljhay/f24_robotics/install/webots_ros2_homework1_python/lib/webots_ros2_homework1_python
[4.131s] writing list of installed files to '/mnt/c/Users/ljhay/f24_robotics/build/webots_ros2_homework1_python/install.log'
[4.174s] Invoked command in '/mnt/c/Users/ljhay/f24_robotics/webots_ros2_homework1_python' returned '0': PYTHONPATH=/mnt/c/Users/ljhay/f24_robotics/build/webots_ros2_homework1_python/prefix_override:/usr/lib/python3/dist-packages/colcon_core/task/python/colcon_distutils_commands:/mnt/c/Users/ljhay/f24_robotics/install/webots_ros2_homework1_python/lib/python3.10/site-packages:${PYTHONPATH} /usr/bin/python3 -W ignore:setup.py install is deprecated setup.py egg_info --egg-base ../build/webots_ros2_homework1_python build --build-base /mnt/c/Users/ljhay/f24_robotics/build/webots_ros2_homework1_python/build install --record /mnt/c/Users/ljhay/f24_robotics/build/webots_ros2_homework1_python/install.log --single-version-externally-managed install_data
