[3.992s] Invoking command in '/mnt/c/Users/ljhay/f24_robotics_2/webots_ros2_homework1_python': PYTHONPATH=/mnt/c/Users/ljhay/f24_robotics_2/build/webots_ros2_homework1_python/prefix_override:/usr/lib/python3/dist-packages/colcon_core/task/python/colcon_distutils_commands:/mnt/c/Users/ljhay/f24_robotics_2/install/webots_ros2_homework1_python/lib/python3.10/site-packages:${PYTHONPATH} /usr/bin/python3 -W ignore:setup.py install is deprecated setup.py egg_info --egg-base ../build/webots_ros2_homework1_python build --build-base /mnt/c/Users/ljhay/f24_robotics_2/build/webots_ros2_homework1_python/build install --record /mnt/c/Users/ljhay/f24_robotics_2/build/webots_ros2_homework1_python/install.log --single-version-externally-managed install_data
[5.709s] running egg_info
[5.717s] writing ../build/webots_ros2_homework1_python/webots_ros2_homework1_python.egg-info/PKG-INFO
[5.728s] writing dependency_links to ../build/webots_ros2_homework1_python/webots_ros2_homework1_python.egg-info/dependency_links.txt
[5.737s] writing entry points to ../build/webots_ros2_homework1_python/webots_ros2_homework1_python.egg-info/entry_points.txt
[5.745s] writing requirements to ../build/webots_ros2_homework1_python/webots_ros2_homework1_python.egg-info/requires.txt
[5.751s] writing top-level names to ../build/webots_ros2_homework1_python/webots_ros2_homework1_python.egg-info/top_level.txt
[5.823s] reading manifest file '../build/webots_ros2_homework1_python/webots_ros2_homework1_python.egg-info/SOURCES.txt'
[5.940s] writing manifest file '../build/webots_ros2_homework1_python/webots_ros2_homework1_python.egg-info/SOURCES.txt'
[5.941s] running build
[5.943s] running build_py
[5.991s] running install
[5.992s] running install_lib
[6.156s] running install_data
[6.271s] running install_egg_info
[6.292s] removing '/mnt/c/Users/ljhay/f24_robotics_2/install/webots_ros2_homework1_python/lib/python3.10/site-packages/webots_ros2_homework1_python-0.0.0-py3.10.egg-info' (and everything under it)
[6.382s] Copying ../build/webots_ros2_homework1_python/webots_ros2_homework1_python.egg-info to /mnt/c/Users/ljhay/f24_robotics_2/install/webots_ros2_homework1_python/lib/python3.10/site-packages/webots_ros2_homework1_python-0.0.0-py3.10.egg-info
[6.766s] running install_scripts
[6.919s] Installing webots_ros2_homework1_python script to /mnt/c/Users/ljhay/f24_robotics_2/install/webots_ros2_homework1_python/lib/webots_ros2_homework1_python
[6.945s] writing list of installed files to '/mnt/c/Users/ljhay/f24_robotics_2/build/webots_ros2_homework1_python/install.log'
[7.019s] Invoked command in '/mnt/c/Users/ljhay/f24_robotics_2/webots_ros2_homework1_python' returned '0': PYTHONPATH=/mnt/c/Users/ljhay/f24_robotics_2/build/webots_ros2_homework1_python/prefix_override:/usr/lib/python3/dist-packages/colcon_core/task/python/colcon_distutils_commands:/mnt/c/Users/ljhay/f24_robotics_2/install/webots_ros2_homework1_python/lib/python3.10/site-packages:${PYTHONPATH} /usr/bin/python3 -W ignore:setup.py install is deprecated setup.py egg_info --egg-base ../build/webots_ros2_homework1_python build --build-base /mnt/c/Users/ljhay/f24_robotics_2/build/webots_ros2_homework1_python/build install --record /mnt/c/Users/ljhay/f24_robotics_2/build/webots_ros2_homework1_python/install.log --single-version-externally-managed install_data
