[3.436s] Invoking command in '/mnt/c/Users/ljhay/hw2_angle/webots_ros2_homework1_python': PYTHONPATH=/mnt/c/Users/ljhay/hw2_angle/build/webots_ros2_homework1_python/prefix_override:/usr/lib/python3/dist-packages/colcon_core/task/python/colcon_distutils_commands:/mnt/c/Users/ljhay/hw2_angle/install/webots_ros2_homework1_python/lib/python3.10/site-packages:${PYTHONPATH} /usr/bin/python3 -W ignore:setup.py install is deprecated setup.py egg_info --egg-base ../build/webots_ros2_homework1_python build --build-base /mnt/c/Users/ljhay/hw2_angle/build/webots_ros2_homework1_python/build install --record /mnt/c/Users/ljhay/hw2_angle/build/webots_ros2_homework1_python/install.log --single-version-externally-managed install_data
[4.839s] running egg_info
[4.847s] writing ../build/webots_ros2_homework1_python/webots_ros2_homework1_python.egg-info/PKG-INFO
[4.856s] writing dependency_links to ../build/webots_ros2_homework1_python/webots_ros2_homework1_python.egg-info/dependency_links.txt
[4.866s] writing entry points to ../build/webots_ros2_homework1_python/webots_ros2_homework1_python.egg-info/entry_points.txt
[4.873s] writing requirements to ../build/webots_ros2_homework1_python/webots_ros2_homework1_python.egg-info/requires.txt
[4.877s] writing top-level names to ../build/webots_ros2_homework1_python/webots_ros2_homework1_python.egg-info/top_level.txt
[4.936s] reading manifest file '../build/webots_ros2_homework1_python/webots_ros2_homework1_python.egg-info/SOURCES.txt'
[5.034s] writing manifest file '../build/webots_ros2_homework1_python/webots_ros2_homework1_python.egg-info/SOURCES.txt'
[5.038s] running build
[5.040s] running build_py
[5.058s] copying webots_ros2_homework1_python/webots_ros2_homework1_python.py -> /mnt/c/Users/ljhay/hw2_angle/build/webots_ros2_homework1_python/build/lib/webots_ros2_homework1_python
[5.097s] running install
[5.098s] running install_lib
[5.145s] copying /mnt/c/Users/ljhay/hw2_angle/build/webots_ros2_homework1_python/build/lib/webots_ros2_homework1_python/webots_ros2_homework1_python.py -> /mnt/c/Users/ljhay/hw2_angle/install/webots_ros2_homework1_python/lib/python3.10/site-packages/webots_ros2_homework1_python
[5.229s] byte-compiling /mnt/c/Users/ljhay/hw2_angle/install/webots_ros2_homework1_python/lib/python3.10/site-packages/webots_ros2_homework1_python/webots_ros2_homework1_python.py to webots_ros2_homework1_python.cpython-310.pyc
[5.294s] running install_data
[5.388s] running install_egg_info
[5.405s] removing '/mnt/c/Users/ljhay/hw2_angle/install/webots_ros2_homework1_python/lib/python3.10/site-packages/webots_ros2_homework1_python-0.0.0-py3.10.egg-info' (and everything under it)
[5.488s] Copying ../build/webots_ros2_homework1_python/webots_ros2_homework1_python.egg-info to /mnt/c/Users/ljhay/hw2_angle/install/webots_ros2_homework1_python/lib/python3.10/site-packages/webots_ros2_homework1_python-0.0.0-py3.10.egg-info
[5.843s] running install_scripts
[5.969s] Installing webots_ros2_homework1_python script to /mnt/c/Users/ljhay/hw2_angle/install/webots_ros2_homework1_python/lib/webots_ros2_homework1_python
[5.988s] writing list of installed files to '/mnt/c/Users/ljhay/hw2_angle/build/webots_ros2_homework1_python/install.log'
[6.036s] Invoked command in '/mnt/c/Users/ljhay/hw2_angle/webots_ros2_homework1_python' returned '0': PYTHONPATH=/mnt/c/Users/ljhay/hw2_angle/build/webots_ros2_homework1_python/prefix_override:/usr/lib/python3/dist-packages/colcon_core/task/python/colcon_distutils_commands:/mnt/c/Users/ljhay/hw2_angle/install/webots_ros2_homework1_python/lib/python3.10/site-packages:${PYTHONPATH} /usr/bin/python3 -W ignore:setup.py install is deprecated setup.py egg_info --egg-base ../build/webots_ros2_homework1_python build --build-base /mnt/c/Users/ljhay/hw2_angle/build/webots_ros2_homework1_python/build install --record /mnt/c/Users/ljhay/hw2_angle/build/webots_ros2_homework1_python/install.log --single-version-externally-managed install_data
