[2.774s] Invoking command in '/mnt/c/Users/ljhay/f24_robotics/webots_ros2_homework1_python': PYTHONPATH=/mnt/c/Users/ljhay/f24_robotics/build/webots_ros2_homework1_python/prefix_override:/usr/lib/python3/dist-packages/colcon_core/task/python/colcon_distutils_commands:/mnt/c/Users/ljhay/f24_robotics/install/webots_ros2_homework1_python/lib/python3.10/site-packages:${PYTHONPATH} /usr/bin/python3 -W ignore:setup.py install is deprecated setup.py egg_info --egg-base ../build/webots_ros2_homework1_python build --build-base /mnt/c/Users/ljhay/f24_robotics/build/webots_ros2_homework1_python/build install --record /mnt/c/Users/ljhay/f24_robotics/build/webots_ros2_homework1_python/install.log --single-version-externally-managed install_data
[3.778s] running egg_info
[3.786s] writing ../build/webots_ros2_homework1_python/webots_ros2_homework1_python.egg-info/PKG-INFO
[3.794s] writing dependency_links to ../build/webots_ros2_homework1_python/webots_ros2_homework1_python.egg-info/dependency_links.txt
[3.804s] writing entry points to ../build/webots_ros2_homework1_python/webots_ros2_homework1_python.egg-info/entry_points.txt
[3.811s] writing requirements to ../build/webots_ros2_homework1_python/webots_ros2_homework1_python.egg-info/requires.txt
[3.817s] writing top-level names to ../build/webots_ros2_homework1_python/webots_ros2_homework1_python.egg-info/top_level.txt
[3.895s] reading manifest file '../build/webots_ros2_homework1_python/webots_ros2_homework1_python.egg-info/SOURCES.txt'
[4.043s] writing manifest file '../build/webots_ros2_homework1_python/webots_ros2_homework1_python.egg-info/SOURCES.txt'
[4.046s] running build
[4.047s] running build_py
[4.082s] running install
[4.084s] running install_lib
[4.213s] running install_data
[4.268s] copying worlds/f23_robotics_1.wbt -> /mnt/c/Users/ljhay/f24_robotics/install/webots_ros2_homework1_python/share/webots_ros2_homework1_python/worlds
[4.334s] running install_egg_info
[4.349s] removing '/mnt/c/Users/ljhay/f24_robotics/install/webots_ros2_homework1_python/lib/python3.10/site-packages/webots_ros2_homework1_python-0.0.0-py3.10.egg-info' (and everything under it)
[4.417s] Copying ../build/webots_ros2_homework1_python/webots_ros2_homework1_python.egg-info to /mnt/c/Users/ljhay/f24_robotics/install/webots_ros2_homework1_python/lib/python3.10/site-packages/webots_ros2_homework1_python-0.0.0-py3.10.egg-info
[4.723s] running install_scripts
[4.840s] Installing webots_ros2_homework1_python script to /mnt/c/Users/ljhay/f24_robotics/install/webots_ros2_homework1_python/lib/webots_ros2_homework1_python
[4.862s] writing list of installed files to '/mnt/c/Users/ljhay/f24_robotics/build/webots_ros2_homework1_python/install.log'
[4.929s] Invoked command in '/mnt/c/Users/ljhay/f24_robotics/webots_ros2_homework1_python' returned '0': PYTHONPATH=/mnt/c/Users/ljhay/f24_robotics/build/webots_ros2_homework1_python/prefix_override:/usr/lib/python3/dist-packages/colcon_core/task/python/colcon_distutils_commands:/mnt/c/Users/ljhay/f24_robotics/install/webots_ros2_homework1_python/lib/python3.10/site-packages:${PYTHONPATH} /usr/bin/python3 -W ignore:setup.py install is deprecated setup.py egg_info --egg-base ../build/webots_ros2_homework1_python build --build-base /mnt/c/Users/ljhay/f24_robotics/build/webots_ros2_homework1_python/build install --record /mnt/c/Users/ljhay/f24_robotics/build/webots_ros2_homework1_python/install.log --single-version-externally-managed install_data
